000 (5223791.000.000) 07/04 15:44:31 Job submitted from host: <188.185.114.121:9618?addrs=188.185.114.121-9618+[2001-1458-d00-a--100-273]-9618&alias=bigbird19.cern.ch&noUDP&sock=schedd_4046901_0ec4>
...
040 (5223791.000.000) 07/04 15:45:59 Started transferring input files
	Transferring to host: <188.184.164.120:9618?addrs=188.184.164.120-9618+[2001-1458-301-4e--100-72]-9618&alias=b7s13p5832.cern.ch&noUDP&sock=slot1_12_138098_48a9_13078>
...
040 (5223791.000.000) 07/04 15:45:59 Finished transferring input files
...
001 (5223791.000.000) 07/04 15:46:00 Job executing on host: <188.184.164.120:9618?addrs=188.184.164.120-9618+[2001-1458-301-4e--100-72]-9618&alias=b7s13p5832.cern.ch&noUDP&sock=startd_137609_e81a>
...
006 (5223791.000.000) 07/04 15:46:09 Image size of job updated: 795956
	108  -  MemoryUsage of job (MB)
	110568  -  ResidentSetSize of job (KB)
...
006 (5223791.000.000) 07/04 15:46:48 Image size of job updated: 918996
	108  -  MemoryUsage of job (MB)
	110568  -  ResidentSetSize of job (KB)
...
040 (5223791.000.000) 07/04 15:46:49 Started transferring output files
...
040 (5223791.000.000) 07/04 15:46:49 Finished transferring output files
...
005 (5223791.000.000) 07/04 15:46:49 Job terminated.
	(1) Normal termination (return value 1)
		Usr 0 00:00:07, Sys 0 00:00:01  -  Run Remote Usage
		Usr 0 00:00:00, Sys 0 00:00:00  -  Run Local Usage
		Usr 0 00:00:07, Sys 0 00:00:01  -  Total Remote Usage
		Usr 0 00:00:00, Sys 0 00:00:00  -  Total Local Usage
	5088  -  Run Bytes Sent By Job
	270  -  Run Bytes Received By Job
	5088  -  Total Bytes Sent By Job
	270  -  Total Bytes Received By Job
	Partitionable Resources :    Usage  Request Allocated 
	   Cpus                 :                 1         1 
	   Disk (KB)            :       18        1   3045632 
	   Memory (MB)          :      108     2000      2000 

	Job terminated of its own accord at 2022-07-04T13:46:48Z.
...
