000 (5223792.000.000) 07/04 15:44:33 Job submitted from host: <188.185.114.121:9618?addrs=188.185.114.121-9618+[2001-1458-d00-a--100-273]-9618&alias=bigbird19.cern.ch&noUDP&sock=schedd_4046901_0ec4>
...
040 (5223792.000.000) 07/04 15:45:42 Started transferring input files
	Transferring to host: <188.184.164.120:9618?addrs=188.184.164.120-9618+[2001-1458-301-4e--100-72]-9618&alias=b7s13p5832.cern.ch&noUDP&sock=slot1_6_138098_48a9_13077>
...
040 (5223792.000.000) 07/04 15:45:42 Finished transferring input files
...
001 (5223792.000.000) 07/04 15:45:43 Job executing on host: <188.184.164.120:9618?addrs=188.184.164.120-9618+[2001-1458-301-4e--100-72]-9618&alias=b7s13p5832.cern.ch&noUDP&sock=startd_137609_e81a>
...
006 (5223792.000.000) 07/04 15:45:51 Image size of job updated: 350628
	22  -  MemoryUsage of job (MB)
	22392  -  ResidentSetSize of job (KB)
...
006 (5223792.000.000) 07/04 15:47:16 Image size of job updated: 14507664
	22  -  MemoryUsage of job (MB)
	22400  -  ResidentSetSize of job (KB)
...
040 (5223792.000.000) 07/04 15:47:16 Started transferring output files
...
040 (5223792.000.000) 07/04 15:47:16 Finished transferring output files
...
005 (5223792.000.000) 07/04 15:47:16 Job terminated.
	(1) Normal termination (return value 0)
		Usr 0 00:01:38, Sys 0 00:00:10  -  Run Remote Usage
		Usr 0 00:00:00, Sys 0 00:00:00  -  Run Local Usage
		Usr 0 00:01:38, Sys 0 00:00:10  -  Total Remote Usage
		Usr 0 00:00:00, Sys 0 00:00:00  -  Total Local Usage
	6110  -  Run Bytes Sent By Job
	270  -  Run Bytes Received By Job
	6110  -  Total Bytes Sent By Job
	270  -  Total Bytes Received By Job
	Partitionable Resources :    Usage  Request Allocated 
	   Cpus                 :                 1         1 
	   Disk (KB)            :       35        1   3046637 
	   Memory (MB)          :       22     2000      2000 

	Job terminated of its own accord at 2022-07-04T13:47:16Z.
...
