000 (5223804.000.000) 07/04 15:44:44 Job submitted from host: <188.185.114.121:9618?addrs=188.185.114.121-9618+[2001-1458-d00-a--100-273]-9618&alias=bigbird19.cern.ch&noUDP&sock=schedd_4046901_0ec4>
...
040 (5223804.000.000) 07/04 15:45:44 Started transferring input files
	Transferring to host: <128.142.192.208:9618?addrs=128.142.192.208-9618+[2001-1458-301-56--100-4c]-9618&alias=b7g18p9798.cern.ch&noUDP&sock=slot1_20_4190_fbe3_19087>
...
040 (5223804.000.000) 07/04 15:45:44 Finished transferring input files
...
001 (5223804.000.000) 07/04 15:45:45 Job executing on host: <128.142.192.208:9618?addrs=128.142.192.208-9618+[2001-1458-301-56--100-4c]-9618&alias=b7g18p9798.cern.ch&noUDP&sock=startd_4003_4db3>
...
006 (5223804.000.000) 07/04 15:45:54 Image size of job updated: 40044
	5  -  MemoryUsage of job (MB)
	4308  -  ResidentSetSize of job (KB)
...
006 (5223804.000.000) 07/04 15:47:44 Image size of job updated: 12885660
	5  -  MemoryUsage of job (MB)
	4308  -  ResidentSetSize of job (KB)
...
040 (5223804.000.000) 07/04 15:47:44 Started transferring output files
...
040 (5223804.000.000) 07/04 15:47:44 Finished transferring output files
...
005 (5223804.000.000) 07/04 15:47:44 Job terminated.
	(1) Normal termination (return value 0)
		Usr 0 00:01:37, Sys 0 00:00:11  -  Run Remote Usage
		Usr 0 00:00:00, Sys 0 00:00:00  -  Run Local Usage
		Usr 0 00:01:37, Sys 0 00:00:11  -  Total Remote Usage
		Usr 0 00:00:00, Sys 0 00:00:00  -  Total Local Usage
	6102  -  Run Bytes Sent By Job
	270  -  Run Bytes Received By Job
	6102  -  Total Bytes Sent By Job
	270  -  Total Bytes Received By Job
	Partitionable Resources :    Usage  Request Allocated 
	   Cpus                 :     1.62        1         1 
	   Disk (KB)            :    42           1   2992549 
	   Memory (MB)          :     5        2000      2000 

	Job terminated of its own accord at 2022-07-04T13:47:44Z.
...
