000 (5223805.000.000) 07/04 15:44:45 Job submitted from host: <188.185.114.121:9618?addrs=188.185.114.121-9618+[2001-1458-d00-a--100-273]-9618&alias=bigbird19.cern.ch&noUDP&sock=schedd_4046901_0ec4>
...
040 (5223805.000.000) 07/04 15:45:46 Started transferring input files
	Transferring to host: <128.142.192.149:9618?addrs=128.142.192.149-9618+[2001-1458-301-56--100-11]-9618&alias=b7g18p8268.cern.ch&noUDP&sock=slot1_32_4315_0ec9_19209>
...
040 (5223805.000.000) 07/04 15:45:46 Finished transferring input files
...
001 (5223805.000.000) 07/04 15:45:47 Job executing on host: <128.142.192.149:9618?addrs=128.142.192.149-9618+[2001-1458-301-56--100-11]-9618&alias=b7g18p8268.cern.ch&noUDP&sock=startd_4243_ec6e>
...
006 (5223805.000.000) 07/04 15:45:56 Image size of job updated: 407504
	49  -  MemoryUsage of job (MB)
	49544  -  ResidentSetSize of job (KB)
...
006 (5223805.000.000) 07/04 15:46:46 Image size of job updated: 12885256
	49  -  MemoryUsage of job (MB)
	49544  -  ResidentSetSize of job (KB)
...
040 (5223805.000.000) 07/04 15:46:46 Started transferring output files
...
040 (5223805.000.000) 07/04 15:46:46 Finished transferring output files
...
005 (5223805.000.000) 07/04 15:46:46 Job terminated.
	(1) Normal termination (return value 0)
		Usr 0 00:01:27, Sys 0 00:00:10  -  Run Remote Usage
		Usr 0 00:00:00, Sys 0 00:00:00  -  Run Local Usage
		Usr 0 00:01:27, Sys 0 00:00:10  -  Total Remote Usage
		Usr 0 00:00:00, Sys 0 00:00:00  -  Total Local Usage
	6100  -  Run Bytes Sent By Job
	270  -  Run Bytes Received By Job
	6100  -  Total Bytes Sent By Job
	270  -  Total Bytes Received By Job
	Partitionable Resources :    Usage  Request Allocated 
	   Cpus                 :                 1         1 
	   Disk (KB)            :       35        1   3038124 
	   Memory (MB)          :       49     2000      2000 

	Job terminated of its own accord at 2022-07-04T13:46:46Z.
...
