000 (5223806.000.000) 07/04 15:44:45 Job submitted from host: <188.185.114.121:9618?addrs=188.185.114.121-9618+[2001-1458-d00-a--100-273]-9618&alias=bigbird19.cern.ch&noUDP&sock=schedd_4046901_0ec4>
...
040 (5223806.000.000) 07/04 15:45:46 Started transferring input files
	Transferring to host: <128.142.192.140:9618?addrs=128.142.192.140-9618+[2001-1458-301-56--100-8]-9618&alias=b7g18p7903.cern.ch&noUDP&sock=slot1_18_4185_7603_18805>
...
040 (5223806.000.000) 07/04 15:45:46 Finished transferring input files
...
001 (5223806.000.000) 07/04 15:45:47 Job executing on host: <128.142.192.140:9618?addrs=128.142.192.140-9618+[2001-1458-301-56--100-8]-9618&alias=b7g18p7903.cern.ch&noUDP&sock=startd_4113_c11e>
...
006 (5223806.000.000) 07/04 15:45:55 Image size of job updated: 399244
	41  -  MemoryUsage of job (MB)
	41908  -  ResidentSetSize of job (KB)
...
006 (5223806.000.000) 07/04 15:47:29 Image size of job updated: 12885420
	41  -  MemoryUsage of job (MB)
	41912  -  ResidentSetSize of job (KB)
...
040 (5223806.000.000) 07/04 15:47:29 Started transferring output files
...
040 (5223806.000.000) 07/04 15:47:29 Finished transferring output files
...
005 (5223806.000.000) 07/04 15:47:29 Job terminated.
	(1) Normal termination (return value 0)
		Usr 0 00:01:36, Sys 0 00:00:10  -  Run Remote Usage
		Usr 0 00:00:00, Sys 0 00:00:00  -  Run Local Usage
		Usr 0 00:01:36, Sys 0 00:00:10  -  Total Remote Usage
		Usr 0 00:00:00, Sys 0 00:00:00  -  Total Local Usage
	6101  -  Run Bytes Sent By Job
	270  -  Run Bytes Received By Job
	6101  -  Total Bytes Sent By Job
	270  -  Total Bytes Received By Job
	Partitionable Resources :    Usage  Request Allocated 
	   Cpus                 :                 1         1 
	   Disk (KB)            :       35        1   3065872 
	   Memory (MB)          :       41     2000      2000 

	Job terminated of its own accord at 2022-07-04T13:47:29Z.
...
