000 (5223810.000.000) 07/04 15:44:48 Job submitted from host: <188.185.114.121:9618?addrs=188.185.114.121-9618+[2001-1458-d00-a--100-273]-9618&alias=bigbird19.cern.ch&noUDP&sock=schedd_4046901_0ec4>
...
040 (5223810.000.000) 07/04 15:45:47 Started transferring input files
	Transferring to host: <128.142.137.77:9618?addrs=128.142.137.77-9618+[2001-1458-301-5e--100-41]-9618&alias=b7g19p8025.cern.ch&noUDP&sock=slot1_19_7827_9457_76326>
...
040 (5223810.000.000) 07/04 15:45:47 Finished transferring input files
...
001 (5223810.000.000) 07/04 15:45:48 Job executing on host: <128.142.137.77:9618?addrs=128.142.137.77-9618+[2001-1458-301-5e--100-41]-9618&alias=b7g19p8025.cern.ch&noUDP&sock=startd_6634_f360>
...
006 (5223810.000.000) 07/04 15:45:56 Image size of job updated: 143152
	16  -  MemoryUsage of job (MB)
	15868  -  ResidentSetSize of job (KB)
...
006 (5223810.000.000) 07/04 15:47:45 Image size of job updated: 11263420
	16  -  MemoryUsage of job (MB)
	15884  -  ResidentSetSize of job (KB)
...
040 (5223810.000.000) 07/04 15:47:45 Started transferring output files
...
040 (5223810.000.000) 07/04 15:47:45 Finished transferring output files
...
005 (5223810.000.000) 07/04 15:47:45 Job terminated.
	(1) Normal termination (return value 0)
		Usr 0 00:01:47, Sys 0 00:00:11  -  Run Remote Usage
		Usr 0 00:00:00, Sys 0 00:00:00  -  Run Local Usage
		Usr 0 00:01:47, Sys 0 00:00:11  -  Total Remote Usage
		Usr 0 00:00:00, Sys 0 00:00:00  -  Total Local Usage
	6101  -  Run Bytes Sent By Job
	270  -  Run Bytes Received By Job
	6101  -  Total Bytes Sent By Job
	270  -  Total Bytes Received By Job
	Partitionable Resources :    Usage  Request Allocated 
	   Cpus                 :                 1         1 
	   Disk (KB)            :       35        1   1585981 
	   Memory (MB)          :       16     2000      2000 

	Job terminated of its own accord at 2022-07-04T13:47:45Z.
...
