000 (5223793.000.000) 07/04 15:44:34 Job submitted from host: <188.185.114.121:9618?addrs=188.185.114.121-9618+[2001-1458-d00-a--100-273]-9618&alias=bigbird19.cern.ch&noUDP&sock=schedd_4046901_0ec4>
...
040 (5223793.000.000) 07/04 15:46:36 Started transferring input files
	Transferring to host: <128.142.132.58:9618?addrs=128.142.132.58-9618+[2001-1458-301-5a--100-2e]-9618&alias=b7g12p1293.cern.ch&noUDP&sock=slot1_27_3208_137c_74352>
...
040 (5223793.000.000) 07/04 15:46:36 Finished transferring input files
...
001 (5223793.000.000) 07/04 15:46:37 Job executing on host: <128.142.132.58:9618?addrs=128.142.132.58-9618+[2001-1458-301-5a--100-2e]-9618&alias=b7g12p1293.cern.ch&noUDP&sock=startd_2973_cf27>
...
006 (5223793.000.000) 07/04 15:46:45 Image size of job updated: 100360
	99  -  MemoryUsage of job (MB)
	100360  -  ResidentSetSize of job (KB)
...
006 (5223793.000.000) 07/04 15:47:31 Image size of job updated: 11263156
	99  -  MemoryUsage of job (MB)
	100384  -  ResidentSetSize of job (KB)
...
040 (5223793.000.000) 07/04 15:47:31 Started transferring output files
...
040 (5223793.000.000) 07/04 15:47:31 Finished transferring output files
...
005 (5223793.000.000) 07/04 15:47:31 Job terminated.
	(1) Normal termination (return value 0)
		Usr 0 00:01:37, Sys 0 00:00:10  -  Run Remote Usage
		Usr 0 00:00:00, Sys 0 00:00:00  -  Run Local Usage
		Usr 0 00:01:37, Sys 0 00:00:10  -  Total Remote Usage
		Usr 0 00:00:00, Sys 0 00:00:00  -  Total Local Usage
	6101  -  Run Bytes Sent By Job
	270  -  Run Bytes Received By Job
	6101  -  Total Bytes Sent By Job
	270  -  Total Bytes Received By Job
	Partitionable Resources :    Usage  Request Allocated 
	   Cpus                 :                 1         1 
	   Disk (KB)            :       36        1   1661420 
	   Memory (MB)          :       99     2000      2000 

	Job terminated of its own accord at 2022-07-04T13:47:31Z.
...
