000 (5223812.000.000) 07/04 15:44:50 Job submitted from host: <188.185.114.121:9618?addrs=188.185.114.121-9618+[2001-1458-d00-a--100-273]-9618&alias=bigbird19.cern.ch&noUDP&sock=schedd_4046901_0ec4>
...
040 (5223812.000.000) 07/04 15:45:51 Started transferring input files
	Transferring to host: <128.142.130.157:9618?addrs=128.142.130.157-9618+[2001-1458-301-58--100-91]-9618&alias=b7g20p9862.cern.ch&noUDP&sock=slot1_35_4111_5240_75570>
...
040 (5223812.000.000) 07/04 15:45:51 Finished transferring input files
...
001 (5223812.000.000) 07/04 15:45:52 Job executing on host: <128.142.130.157:9618?addrs=128.142.130.157-9618+[2001-1458-301-58--100-91]-9618&alias=b7g20p9862.cern.ch&noUDP&sock=startd_3209_af81>
...
006 (5223812.000.000) 07/04 15:46:01 Image size of job updated: 16128
	11  -  MemoryUsage of job (MB)
	10784  -  ResidentSetSize of job (KB)
...
006 (5223812.000.000) 07/04 15:47:39 Image size of job updated: 11263412
	11  -  MemoryUsage of job (MB)
	10784  -  ResidentSetSize of job (KB)
...
040 (5223812.000.000) 07/04 15:47:40 Started transferring output files
...
040 (5223812.000.000) 07/04 15:47:40 Finished transferring output files
...
005 (5223812.000.000) 07/04 15:47:40 Job terminated.
	(1) Normal termination (return value 0)
		Usr 0 00:01:43, Sys 0 00:00:11  -  Run Remote Usage
		Usr 0 00:00:00, Sys 0 00:00:00  -  Run Local Usage
		Usr 0 00:01:43, Sys 0 00:00:11  -  Total Remote Usage
		Usr 0 00:00:00, Sys 0 00:00:00  -  Total Local Usage
	6102  -  Run Bytes Sent By Job
	270  -  Run Bytes Received By Job
	6102  -  Total Bytes Sent By Job
	270  -  Total Bytes Received By Job
	Partitionable Resources :    Usage  Request Allocated 
	   Cpus                 :                 1         1 
	   Disk (KB)            :       35        1   1626733 
	   Memory (MB)          :       11     2000      2000 

	Job terminated of its own accord at 2022-07-04T13:47:39Z.
...
