000 (5223814.000.000) 07/04 15:44:51 Job submitted from host: <188.185.114.121:9618?addrs=188.185.114.121-9618+[2001-1458-d00-a--100-273]-9618&alias=bigbird19.cern.ch&noUDP&sock=schedd_4046901_0ec4>
...
040 (5223814.000.000) 07/04 15:46:02 Started transferring input files
	Transferring to host: <128.142.137.197:9618?addrs=128.142.137.197-9618+[2001-1458-301-5e--100-b9]-9618&alias=b7g19p0186.cern.ch&noUDP&sock=slot1_22_3880_8f97_9787>
...
040 (5223814.000.000) 07/04 15:46:02 Finished transferring input files
...
001 (5223814.000.000) 07/04 15:46:03 Job executing on host: <128.142.137.197:9618?addrs=128.142.137.197-9618+[2001-1458-301-5e--100-b9]-9618&alias=b7g19p0186.cern.ch&noUDP&sock=startd_3246_1082>
...
006 (5223814.000.000) 07/04 15:46:11 Image size of job updated: 35048
	33  -  MemoryUsage of job (MB)
	32812  -  ResidentSetSize of job (KB)
...
006 (5223814.000.000) 07/04 15:48:09 Image size of job updated: 11262928
	33  -  MemoryUsage of job (MB)
	32896  -  ResidentSetSize of job (KB)
...
040 (5223814.000.000) 07/04 15:48:09 Started transferring output files
...
040 (5223814.000.000) 07/04 15:48:09 Finished transferring output files
...
005 (5223814.000.000) 07/04 15:48:09 Job terminated.
	(1) Normal termination (return value 0)
		Usr 0 00:01:57, Sys 0 00:00:13  -  Run Remote Usage
		Usr 0 00:00:00, Sys 0 00:00:00  -  Run Local Usage
		Usr 0 00:01:57, Sys 0 00:00:13  -  Total Remote Usage
		Usr 0 00:00:00, Sys 0 00:00:00  -  Total Local Usage
	6100  -  Run Bytes Sent By Job
	270  -  Run Bytes Received By Job
	6100  -  Total Bytes Sent By Job
	270  -  Total Bytes Received By Job
	Partitionable Resources :    Usage  Request Allocated 
	   Cpus                 :                 1         1 
	   Disk (KB)            :       35        1   1619303 
	   Memory (MB)          :       33     2000      2000 

	Job terminated of its own accord at 2022-07-04T13:48:09Z.
...
