000 (5223815.000.000) 07/04 15:44:52 Job submitted from host: <188.185.114.121:9618?addrs=188.185.114.121-9618+[2001-1458-d00-a--100-273]-9618&alias=bigbird19.cern.ch&noUDP&sock=schedd_4046901_0ec4>
...
040 (5223815.000.000) 07/04 15:45:48 Started transferring input files
	Transferring to host: <128.142.137.177:9618?addrs=128.142.137.177-9618+[2001-1458-301-5e--100-a5]-9618&alias=b7g19p4399.cern.ch&noUDP&sock=slot1_23_25552_7208_124091>
...
040 (5223815.000.000) 07/04 15:45:48 Finished transferring input files
...
001 (5223815.000.000) 07/04 15:45:49 Job executing on host: <128.142.137.177:9618?addrs=128.142.137.177-9618+[2001-1458-301-5e--100-a5]-9618&alias=b7g19p4399.cern.ch&noUDP&sock=startd_24023_5bbb>
...
006 (5223815.000.000) 07/04 15:45:59 Image size of job updated: 8788
	5  -  MemoryUsage of job (MB)
	5000  -  ResidentSetSize of job (KB)
...
006 (5223815.000.000) 07/04 15:46:47 Image size of job updated: 895016
	5  -  MemoryUsage of job (MB)
	5000  -  ResidentSetSize of job (KB)
...
040 (5223815.000.000) 07/04 15:46:47 Started transferring output files
...
040 (5223815.000.000) 07/04 15:46:47 Finished transferring output files
...
005 (5223815.000.000) 07/04 15:46:47 Job terminated.
	(1) Normal termination (return value 1)
		Usr 0 00:00:11, Sys 0 00:00:04  -  Run Remote Usage
		Usr 0 00:00:00, Sys 0 00:00:00  -  Run Local Usage
		Usr 0 00:00:11, Sys 0 00:00:04  -  Total Remote Usage
		Usr 0 00:00:00, Sys 0 00:00:00  -  Total Local Usage
	5088  -  Run Bytes Sent By Job
	270  -  Run Bytes Received By Job
	5088  -  Total Bytes Sent By Job
	270  -  Total Bytes Received By Job
	Partitionable Resources :    Usage  Request Allocated 
	   Cpus                 :                 1         1 
	   Disk (KB)            :       18        1   1605309 
	   Memory (MB)          :        5     2000      2000 

	Job terminated of its own accord at 2022-07-04T13:46:47Z.
...
