000 (5223816.000.000) 07/04 15:44:53 Job submitted from host: <188.185.114.121:9618?addrs=188.185.114.121-9618+[2001-1458-d00-a--100-273]-9618&alias=bigbird19.cern.ch&noUDP&sock=schedd_4046901_0ec4>
...
040 (5223816.000.000) 07/04 15:46:45 Started transferring input files
	Transferring to host: <128.142.192.161:9618?addrs=128.142.192.161-9618+[2001-1458-301-56--100-1d]-9618&alias=b7g18p5785.cern.ch&noUDP&sock=slot1_8_4708_f639_18790>
...
040 (5223816.000.000) 07/04 15:46:45 Finished transferring input files
...
001 (5223816.000.000) 07/04 15:46:46 Job executing on host: <128.142.192.161:9618?addrs=128.142.192.161-9618+[2001-1458-301-56--100-1d]-9618&alias=b7g18p5785.cern.ch&noUDP&sock=startd_4638_dc57>
...
006 (5223816.000.000) 07/04 15:46:54 Image size of job updated: 214156
	139  -  MemoryUsage of job (MB)
	141408  -  ResidentSetSize of job (KB)
...
006 (5223816.000.000) 07/04 15:47:30 Image size of job updated: 12885420
	139  -  MemoryUsage of job (MB)
	141408  -  ResidentSetSize of job (KB)
...
040 (5223816.000.000) 07/04 15:47:30 Started transferring output files
...
040 (5223816.000.000) 07/04 15:47:30 Finished transferring output files
...
005 (5223816.000.000) 07/04 15:47:30 Job terminated.
	(1) Normal termination (return value 0)
		Usr 0 00:01:30, Sys 0 00:00:10  -  Run Remote Usage
		Usr 0 00:00:00, Sys 0 00:00:00  -  Run Local Usage
		Usr 0 00:01:30, Sys 0 00:00:10  -  Total Remote Usage
		Usr 0 00:00:00, Sys 0 00:00:00  -  Total Local Usage
	6102  -  Run Bytes Sent By Job
	270  -  Run Bytes Received By Job
	6102  -  Total Bytes Sent By Job
	270  -  Total Bytes Received By Job
	Partitionable Resources :    Usage  Request Allocated 
	   Cpus                 :                 1         1 
	   Disk (KB)            :       36        1   3038239 
	   Memory (MB)          :      139     2000      2000 

	Job terminated of its own accord at 2022-07-04T13:47:30Z.
...
