000 (5223817.000.000) 07/04 15:44:53 Job submitted from host: <188.185.114.121:9618?addrs=188.185.114.121-9618+[2001-1458-d00-a--100-273]-9618&alias=bigbird19.cern.ch&noUDP&sock=schedd_4046901_0ec4>
...
040 (5223817.000.000) 07/04 15:45:52 Started transferring input files
	Transferring to host: <128.142.137.215:9618?addrs=128.142.137.215-9618+[2001-1458-301-5e--100-cb]-9618&alias=b7g19p3103.cern.ch&noUDP&sock=slot1_8_4076_a91f_29123>
...
040 (5223817.000.000) 07/04 15:45:52 Finished transferring input files
...
001 (5223817.000.000) 07/04 15:45:53 Job executing on host: <128.142.137.215:9618?addrs=128.142.137.215-9618+[2001-1458-301-5e--100-cb]-9618&alias=b7g19p3103.cern.ch&noUDP&sock=startd_3121_532b>
...
006 (5223817.000.000) 07/04 15:46:02 Image size of job updated: 7052
	5  -  MemoryUsage of job (MB)
	4460  -  ResidentSetSize of job (KB)
...
006 (5223817.000.000) 07/04 15:47:23 Image size of job updated: 11262924
	5  -  MemoryUsage of job (MB)
	4460  -  ResidentSetSize of job (KB)
...
040 (5223817.000.000) 07/04 15:47:23 Started transferring output files
...
040 (5223817.000.000) 07/04 15:47:23 Finished transferring output files
...
005 (5223817.000.000) 07/04 15:47:23 Job terminated.
	(1) Normal termination (return value 0)
		Usr 0 00:01:36, Sys 0 00:00:10  -  Run Remote Usage
		Usr 0 00:00:00, Sys 0 00:00:00  -  Run Local Usage
		Usr 0 00:01:36, Sys 0 00:00:10  -  Total Remote Usage
		Usr 0 00:00:00, Sys 0 00:00:00  -  Total Local Usage
	6101  -  Run Bytes Sent By Job
	270  -  Run Bytes Received By Job
	6101  -  Total Bytes Sent By Job
	270  -  Total Bytes Received By Job
	Partitionable Resources :    Usage  Request Allocated 
	   Cpus                 :     0.14        1         1 
	   Disk (KB)            :    42           1   1662180 
	   Memory (MB)          :     5        2000      2000 

	Job terminated of its own accord at 2022-07-04T13:47:23Z.
...
