000 (5223820.000.000) 07/04 15:44:56 Job submitted from host: <188.185.114.121:9618?addrs=188.185.114.121-9618+[2001-1458-d00-a--100-273]-9618&alias=bigbird19.cern.ch&noUDP&sock=schedd_4046901_0ec4>
...
040 (5223820.000.000) 07/04 15:45:49 Started transferring input files
	Transferring to host: <128.142.132.65:9618?addrs=128.142.132.65-9618+[2001-1458-301-5a--100-35]-9618&alias=b7g12p4157.cern.ch&noUDP&sock=slot1_20_3847_4f36_75341>
...
040 (5223820.000.000) 07/04 15:45:49 Finished transferring input files
...
001 (5223820.000.000) 07/04 15:45:50 Job executing on host: <128.142.132.65:9618?addrs=128.142.132.65-9618+[2001-1458-301-5a--100-35]-9618&alias=b7g12p4157.cern.ch&noUDP&sock=startd_3176_0ce0>
...
006 (5223820.000.000) 07/04 15:45:59 Image size of job updated: 39104
	21  -  MemoryUsage of job (MB)
	20816  -  ResidentSetSize of job (KB)
...
006 (5223820.000.000) 07/04 15:47:36 Image size of job updated: 11262924
	21  -  MemoryUsage of job (MB)
	20936  -  ResidentSetSize of job (KB)
...
040 (5223820.000.000) 07/04 15:47:36 Started transferring output files
...
040 (5223820.000.000) 07/04 15:47:36 Finished transferring output files
...
005 (5223820.000.000) 07/04 15:47:36 Job terminated.
	(1) Normal termination (return value 0)
		Usr 0 00:01:43, Sys 0 00:00:11  -  Run Remote Usage
		Usr 0 00:00:00, Sys 0 00:00:00  -  Run Local Usage
		Usr 0 00:01:43, Sys 0 00:00:11  -  Total Remote Usage
		Usr 0 00:00:00, Sys 0 00:00:00  -  Total Local Usage
	6102  -  Run Bytes Sent By Job
	270  -  Run Bytes Received By Job
	6102  -  Total Bytes Sent By Job
	270  -  Total Bytes Received By Job
	Partitionable Resources :    Usage  Request Allocated 
	   Cpus                 :                 1         1 
	   Disk (KB)            :       35        1   1561478 
	   Memory (MB)          :       21     2000      2000 

	Job terminated of its own accord at 2022-07-04T13:47:36Z.
...
