000 (5223794.000.000) 07/04 15:44:34 Job submitted from host: <188.185.114.121:9618?addrs=188.185.114.121-9618+[2001-1458-d00-a--100-273]-9618&alias=bigbird19.cern.ch&noUDP&sock=schedd_4046901_0ec4>
...
040 (5223794.000.000) 07/04 15:45:42 Started transferring input files
	Transferring to host: <128.142.52.9:9618?addrs=128.142.52.9-9618+[2001-1458-301-1b--100-6]-9618&alias=b7g02p1444.cern.ch&noUDP&sock=slot1_9_197271_03ef_68068>
...
040 (5223794.000.000) 07/04 15:45:42 Finished transferring input files
...
001 (5223794.000.000) 07/04 15:45:43 Job executing on host: <128.142.52.9:9618?addrs=128.142.52.9-9618+[2001-1458-301-1b--100-6]-9618&alias=b7g02p1444.cern.ch&noUDP&sock=startd_160166_21e7>
...
006 (5223794.000.000) 07/04 15:45:51 Image size of job updated: 143152
	1  -  MemoryUsage of job (MB)
	500  -  ResidentSetSize of job (KB)
...
006 (5223794.000.000) 07/04 15:47:38 Image size of job updated: 14507668
	1  -  MemoryUsage of job (MB)
	500  -  ResidentSetSize of job (KB)
...
040 (5223794.000.000) 07/04 15:47:38 Started transferring output files
...
040 (5223794.000.000) 07/04 15:47:38 Finished transferring output files
...
005 (5223794.000.000) 07/04 15:47:38 Job terminated.
	(1) Normal termination (return value 0)
		Usr 0 00:01:41, Sys 0 00:00:09  -  Run Remote Usage
		Usr 0 00:00:00, Sys 0 00:00:00  -  Run Local Usage
		Usr 0 00:01:41, Sys 0 00:00:09  -  Total Remote Usage
		Usr 0 00:00:00, Sys 0 00:00:00  -  Total Local Usage
	6109  -  Run Bytes Sent By Job
	270  -  Run Bytes Received By Job
	6109  -  Total Bytes Sent By Job
	270  -  Total Bytes Received By Job
	Partitionable Resources :    Usage  Request Allocated 
	   Cpus                 :                 1         1 
	   Disk (KB)            :       35        1   1267396 
	   Memory (MB)          :        1     2000      2000 

	Job terminated of its own accord at 2022-07-04T13:47:38Z.
...
