000 (5223821.000.000) 07/04 15:44:56 Job submitted from host: <188.185.114.121:9618?addrs=188.185.114.121-9618+[2001-1458-d00-a--100-273]-9618&alias=bigbird19.cern.ch&noUDP&sock=schedd_4046901_0ec4>
...
040 (5223821.000.000) 07/04 15:45:51 Started transferring input files
	Transferring to host: <128.142.132.158:9618?addrs=128.142.132.158-9618+[2001-1458-301-5a--100-92]-9618&alias=b7g12p8068.cern.ch&noUDP&sock=slot1_25_4007_0b3c_36925>
...
040 (5223821.000.000) 07/04 15:45:51 Finished transferring input files
...
001 (5223821.000.000) 07/04 15:45:52 Job executing on host: <128.142.132.158:9618?addrs=128.142.132.158-9618+[2001-1458-301-5a--100-92]-9618&alias=b7g12p8068.cern.ch&noUDP&sock=startd_3224_f96c>
...
006 (5223821.000.000) 07/04 15:46:01 Image size of job updated: 143152
	1  -  MemoryUsage of job (MB)
	656  -  ResidentSetSize of job (KB)
...
006 (5223821.000.000) 07/04 15:49:17 Image size of job updated: 11263412
	1  -  MemoryUsage of job (MB)
	656  -  ResidentSetSize of job (KB)
...
040 (5223821.000.000) 07/04 15:49:17 Started transferring output files
...
040 (5223821.000.000) 07/04 15:49:17 Finished transferring output files
...
005 (5223821.000.000) 07/04 15:49:18 Job terminated.
	(1) Normal termination (return value 0)
		Usr 0 00:01:53, Sys 0 00:00:12  -  Run Remote Usage
		Usr 0 00:00:00, Sys 0 00:00:00  -  Run Local Usage
		Usr 0 00:01:53, Sys 0 00:00:12  -  Total Remote Usage
		Usr 0 00:00:00, Sys 0 00:00:00  -  Total Local Usage
	6100  -  Run Bytes Sent By Job
	270  -  Run Bytes Received By Job
	6100  -  Total Bytes Sent By Job
	270  -  Total Bytes Received By Job
	Partitionable Resources :    Usage  Request Allocated 
	   Cpus                 :                 1         1 
	   Disk (KB)            :       35        1   1561050 
	   Memory (MB)          :        1     2000      2000 

	Job terminated of its own accord at 2022-07-04T13:49:17Z.
...
