000 (5223825.000.000) 07/04 15:44:59 Job submitted from host: <188.185.114.121:9618?addrs=188.185.114.121-9618+[2001-1458-d00-a--100-273]-9618&alias=bigbird19.cern.ch&noUDP&sock=schedd_4046901_0ec4>
...
040 (5223825.000.000) 07/04 15:46:47 Started transferring input files
	Transferring to host: <128.142.192.149:9618?addrs=128.142.192.149-9618+[2001-1458-301-56--100-11]-9618&alias=b7g18p8268.cern.ch&noUDP&sock=slot1_32_4315_0ec9_19212>
...
040 (5223825.000.000) 07/04 15:46:47 Finished transferring input files
...
001 (5223825.000.000) 07/04 15:46:48 Job executing on host: <128.142.192.149:9618?addrs=128.142.192.149-9618+[2001-1458-301-56--100-11]-9618&alias=b7g18p8268.cern.ch&noUDP&sock=startd_4243_ec6e>
...
006 (5223825.000.000) 07/04 15:46:57 Image size of job updated: 833644
	182  -  MemoryUsage of job (MB)
	185592  -  ResidentSetSize of job (KB)
...
006 (5223825.000.000) 07/04 15:47:28 Image size of job updated: 12885912
	182  -  MemoryUsage of job (MB)
	185592  -  ResidentSetSize of job (KB)
...
040 (5223825.000.000) 07/04 15:47:28 Started transferring output files
...
040 (5223825.000.000) 07/04 15:47:28 Finished transferring output files
...
005 (5223825.000.000) 07/04 15:47:28 Job terminated.
	(1) Normal termination (return value 0)
		Usr 0 00:01:27, Sys 0 00:00:09  -  Run Remote Usage
		Usr 0 00:00:00, Sys 0 00:00:00  -  Run Local Usage
		Usr 0 00:01:27, Sys 0 00:00:09  -  Total Remote Usage
		Usr 0 00:00:00, Sys 0 00:00:00  -  Total Local Usage
	6102  -  Run Bytes Sent By Job
	270  -  Run Bytes Received By Job
	6102  -  Total Bytes Sent By Job
	270  -  Total Bytes Received By Job
	Partitionable Resources :    Usage  Request Allocated 
	   Cpus                 :                 1         1 
	   Disk (KB)            :       36        1   3036956 
	   Memory (MB)          :      182     2000      2000 

	Job terminated of its own accord at 2022-07-04T13:47:28Z.
...
