000 (5223826.000.000) 07/04 15:45:00 Job submitted from host: <188.185.114.121:9618?addrs=188.185.114.121-9618+[2001-1458-d00-a--100-273]-9618&alias=bigbird19.cern.ch&noUDP&sock=schedd_4046901_0ec4>
...
040 (5223826.000.000) 07/04 15:46:48 Started transferring input files
	Transferring to host: <128.142.130.72:9618?addrs=128.142.130.72-9618+[2001-1458-301-58--100-3c]-9618&alias=b7g20p8064.cern.ch&noUDP&sock=slot1_29_3645_fb6d_75181>
...
040 (5223826.000.000) 07/04 15:46:48 Finished transferring input files
...
001 (5223826.000.000) 07/04 15:46:49 Job executing on host: <128.142.130.72:9618?addrs=128.142.130.72-9618+[2001-1458-301-58--100-3c]-9618&alias=b7g20p8064.cern.ch&noUDP&sock=startd_3149_87d2>
...
006 (5223826.000.000) 07/04 15:46:57 Image size of job updated: 47104
	33  -  MemoryUsage of job (MB)
	33764  -  ResidentSetSize of job (KB)
...
006 (5223826.000.000) 07/04 15:48:12 Image size of job updated: 11262912
	33  -  MemoryUsage of job (MB)
	33784  -  ResidentSetSize of job (KB)
...
040 (5223826.000.000) 07/04 15:48:12 Started transferring output files
...
040 (5223826.000.000) 07/04 15:48:12 Finished transferring output files
...
005 (5223826.000.000) 07/04 15:48:12 Job terminated.
	(1) Normal termination (return value 0)
		Usr 0 00:01:45, Sys 0 00:00:11  -  Run Remote Usage
		Usr 0 00:00:00, Sys 0 00:00:00  -  Run Local Usage
		Usr 0 00:01:45, Sys 0 00:00:11  -  Total Remote Usage
		Usr 0 00:00:00, Sys 0 00:00:00  -  Total Local Usage
	6101  -  Run Bytes Sent By Job
	270  -  Run Bytes Received By Job
	6101  -  Total Bytes Sent By Job
	270  -  Total Bytes Received By Job
	Partitionable Resources :    Usage  Request Allocated 
	   Cpus                 :                 1         1 
	   Disk (KB)            :       36        1   1626397 
	   Memory (MB)          :       33     2000      2000 

	Job terminated of its own accord at 2022-07-04T13:48:12Z.
...
