000 (5223828.000.000) 07/04 15:45:02 Job submitted from host: <188.185.114.121:9618?addrs=188.185.114.121-9618+[2001-1458-d00-a--100-273]-9618&alias=bigbird19.cern.ch&noUDP&sock=schedd_4046901_0ec4>
...
040 (5223828.000.000) 07/04 15:45:51 Started transferring input files
	Transferring to host: <128.142.137.129:9618?addrs=128.142.137.129-9618+[2001-1458-301-5e--100-75]-9618&alias=b7g19p4949.cern.ch&noUDP&sock=slot1_20_22705_79f4_29366>
...
040 (5223828.000.000) 07/04 15:45:51 Finished transferring input files
...
001 (5223828.000.000) 07/04 15:45:52 Job executing on host: <128.142.137.129:9618?addrs=128.142.137.129-9618+[2001-1458-301-5e--100-75]-9618&alias=b7g19p4949.cern.ch&noUDP&sock=startd_22667_414f>
...
006 (5223828.000.000) 07/04 15:46:01 Image size of job updated: 39792
	37  -  MemoryUsage of job (MB)
	37252  -  ResidentSetSize of job (KB)
...
006 (5223828.000.000) 07/04 15:50:03 Image size of job updated: 11263412
	37  -  MemoryUsage of job (MB)
	37252  -  ResidentSetSize of job (KB)
...
040 (5223828.000.000) 07/04 15:50:03 Started transferring output files
...
040 (5223828.000.000) 07/04 15:50:03 Finished transferring output files
...
005 (5223828.000.000) 07/04 15:50:03 Job terminated.
	(1) Normal termination (return value 0)
		Usr 0 00:01:53, Sys 0 00:00:12  -  Run Remote Usage
		Usr 0 00:00:00, Sys 0 00:00:00  -  Run Local Usage
		Usr 0 00:01:53, Sys 0 00:00:12  -  Total Remote Usage
		Usr 0 00:00:00, Sys 0 00:00:00  -  Total Local Usage
	6101  -  Run Bytes Sent By Job
	270  -  Run Bytes Received By Job
	6101  -  Total Bytes Sent By Job
	270  -  Total Bytes Received By Job
	Partitionable Resources :    Usage  Request Allocated 
	   Cpus                 :                 1         1 
	   Disk (KB)            :       35        1   1633226 
	   Memory (MB)          :       37     2000      2000 

	Job terminated of its own accord at 2022-07-04T13:50:03Z.
...
