000 (5223829.000.000) 07/04 15:45:02 Job submitted from host: <188.185.114.121:9618?addrs=188.185.114.121-9618+[2001-1458-d00-a--100-273]-9618&alias=bigbird19.cern.ch&noUDP&sock=schedd_4046901_0ec4>
...
040 (5223829.000.000) 07/04 15:45:51 Started transferring input files
	Transferring to host: <128.142.131.174:9618?addrs=128.142.131.174-9618+[2001-1458-301-59--100-a2]-9618&alias=b7g11p8198.cern.ch&noUDP&sock=slot1_14_3523_05a8_75012>
...
040 (5223829.000.000) 07/04 15:45:51 Finished transferring input files
...
001 (5223829.000.000) 07/04 15:45:52 Job executing on host: <128.142.131.174:9618?addrs=128.142.131.174-9618+[2001-1458-301-59--100-a2]-9618&alias=b7g11p8198.cern.ch&noUDP&sock=startd_3437_1318>
...
006 (5223829.000.000) 07/04 15:46:01 Image size of job updated: 433232
	20  -  MemoryUsage of job (MB)
	19764  -  ResidentSetSize of job (KB)
...
006 (5223829.000.000) 07/04 15:47:40 Image size of job updated: 11262668
	20  -  MemoryUsage of job (MB)
	19764  -  ResidentSetSize of job (KB)
...
040 (5223829.000.000) 07/04 15:47:40 Started transferring output files
...
040 (5223829.000.000) 07/04 15:47:40 Finished transferring output files
...
005 (5223829.000.000) 07/04 15:47:40 Job terminated.
	(1) Normal termination (return value 0)
		Usr 0 00:01:47, Sys 0 00:00:11  -  Run Remote Usage
		Usr 0 00:00:00, Sys 0 00:00:00  -  Run Local Usage
		Usr 0 00:01:47, Sys 0 00:00:11  -  Total Remote Usage
		Usr 0 00:00:00, Sys 0 00:00:00  -  Total Local Usage
	6101  -  Run Bytes Sent By Job
	270  -  Run Bytes Received By Job
	6101  -  Total Bytes Sent By Job
	270  -  Total Bytes Received By Job
	Partitionable Resources :    Usage  Request Allocated 
	   Cpus                 :                 1         1 
	   Disk (KB)            :       35        1   1547140 
	   Memory (MB)          :       20     2000      2000 

	Job terminated of its own accord at 2022-07-04T13:47:40Z.
...
