000 (5223830.000.000) 07/04 15:45:03 Job submitted from host: <188.185.114.121:9618?addrs=188.185.114.121-9618+[2001-1458-d00-a--100-273]-9618&alias=bigbird19.cern.ch&noUDP&sock=schedd_4046901_0ec4>
...
040 (5223830.000.000) 07/04 15:46:02 Started transferring input files
	Transferring to host: <128.142.131.190:9618?addrs=128.142.131.190-9618+[2001-1458-301-59--100-b2]-9618&alias=b7g11p7921.cern.ch&noUDP&sock=slot1_27_23247_5d4a_123101>
...
040 (5223830.000.000) 07/04 15:46:02 Finished transferring input files
...
001 (5223830.000.000) 07/04 15:46:03 Job executing on host: <128.142.131.190:9618?addrs=128.142.131.190-9618+[2001-1458-301-59--100-b2]-9618&alias=b7g11p7921.cern.ch&noUDP&sock=startd_22855_351d>
...
006 (5223830.000.000) 07/04 15:46:12 Image size of job updated: 143152
	32  -  MemoryUsage of job (MB)
	32624  -  ResidentSetSize of job (KB)
...
006 (5223830.000.000) 07/04 15:50:08 Image size of job updated: 11263416
	32  -  MemoryUsage of job (MB)
	32624  -  ResidentSetSize of job (KB)
...
040 (5223830.000.000) 07/04 15:50:08 Started transferring output files
...
040 (5223830.000.000) 07/04 15:50:08 Finished transferring output files
...
005 (5223830.000.000) 07/04 15:50:08 Job terminated.
	(1) Normal termination (return value 0)
		Usr 0 00:01:48, Sys 0 00:00:10  -  Run Remote Usage
		Usr 0 00:00:00, Sys 0 00:00:00  -  Run Local Usage
		Usr 0 00:01:48, Sys 0 00:00:10  -  Total Remote Usage
		Usr 0 00:00:00, Sys 0 00:00:00  -  Total Local Usage
	6102  -  Run Bytes Sent By Job
	270  -  Run Bytes Received By Job
	6102  -  Total Bytes Sent By Job
	270  -  Total Bytes Received By Job
	Partitionable Resources :    Usage  Request Allocated 
	   Cpus                 :     0.08        1         1 
	   Disk (KB)            :    42           1   1620848 
	   Memory (MB)          :    32        2000      2000 

	Job terminated of its own accord at 2022-07-04T13:50:08Z.
...
