000 (5223831.000.000) 07/04 15:45:04 Job submitted from host: <188.185.114.121:9618?addrs=188.185.114.121-9618+[2001-1458-d00-a--100-273]-9618&alias=bigbird19.cern.ch&noUDP&sock=schedd_4046901_0ec4>
...
040 (5223831.000.000) 07/04 15:45:52 Started transferring input files
	Transferring to host: <128.142.131.134:9618?addrs=128.142.131.134-9618+[2001-1458-301-59--100-7a]-9618&alias=b7g11p9929.cern.ch&noUDP&sock=slot1_22_3306_2040_76231>
...
040 (5223831.000.000) 07/04 15:45:52 Finished transferring input files
...
001 (5223831.000.000) 07/04 15:45:53 Job executing on host: <128.142.131.134:9618?addrs=128.142.131.134-9618+[2001-1458-301-59--100-7a]-9618&alias=b7g11p9929.cern.ch&noUDP&sock=startd_2779_bdc7>
...
006 (5223831.000.000) 07/04 15:46:02 Image size of job updated: 315424
	10  -  MemoryUsage of job (MB)
	9836  -  ResidentSetSize of job (KB)
...
006 (5223831.000.000) 07/04 15:47:55 Image size of job updated: 11262928
	10  -  MemoryUsage of job (MB)
	9836  -  ResidentSetSize of job (KB)
...
040 (5223831.000.000) 07/04 15:47:55 Started transferring output files
...
040 (5223831.000.000) 07/04 15:47:55 Finished transferring output files
...
005 (5223831.000.000) 07/04 15:47:55 Job terminated.
	(1) Normal termination (return value 0)
		Usr 0 00:01:50, Sys 0 00:00:12  -  Run Remote Usage
		Usr 0 00:00:00, Sys 0 00:00:00  -  Run Local Usage
		Usr 0 00:01:50, Sys 0 00:00:12  -  Total Remote Usage
		Usr 0 00:00:00, Sys 0 00:00:00  -  Total Local Usage
	6101  -  Run Bytes Sent By Job
	270  -  Run Bytes Received By Job
	6101  -  Total Bytes Sent By Job
	270  -  Total Bytes Received By Job
	Partitionable Resources :    Usage  Request Allocated 
	   Cpus                 :                 1         1 
	   Disk (KB)            :       35        1   1591746 
	   Memory (MB)          :       10     2000      2000 

	Job terminated of its own accord at 2022-07-04T13:47:55Z.
...
