000 (5223832.000.000) 07/04 15:45:04 Job submitted from host: <188.185.114.121:9618?addrs=188.185.114.121-9618+[2001-1458-d00-a--100-273]-9618&alias=bigbird19.cern.ch&noUDP&sock=schedd_4046901_0ec4>
...
040 (5223832.000.000) 07/04 15:45:54 Started transferring input files
	Transferring to host: <128.142.132.58:9618?addrs=128.142.132.58-9618+[2001-1458-301-5a--100-2e]-9618&alias=b7g12p1293.cern.ch&noUDP&sock=slot1_27_3208_137c_74351>
...
040 (5223832.000.000) 07/04 15:45:54 Finished transferring input files
...
001 (5223832.000.000) 07/04 15:45:55 Job executing on host: <128.142.132.58:9618?addrs=128.142.132.58-9618+[2001-1458-301-5a--100-2e]-9618&alias=b7g12p1293.cern.ch&noUDP&sock=startd_2973_cf27>
...
006 (5223832.000.000) 07/04 15:46:03 Image size of job updated: 27088
	18  -  MemoryUsage of job (MB)
	18376  -  ResidentSetSize of job (KB)
...
006 (5223832.000.000) 07/04 15:46:34 Image size of job updated: 821072
	19  -  MemoryUsage of job (MB)
	18436  -  ResidentSetSize of job (KB)
...
040 (5223832.000.000) 07/04 15:46:34 Started transferring output files
...
040 (5223832.000.000) 07/04 15:46:34 Finished transferring output files
...
005 (5223832.000.000) 07/04 15:46:34 Job terminated.
	(1) Normal termination (return value 1)
		Usr 0 00:00:09, Sys 0 00:00:02  -  Run Remote Usage
		Usr 0 00:00:00, Sys 0 00:00:00  -  Run Local Usage
		Usr 0 00:00:09, Sys 0 00:00:02  -  Total Remote Usage
		Usr 0 00:00:00, Sys 0 00:00:00  -  Total Local Usage
	5088  -  Run Bytes Sent By Job
	270  -  Run Bytes Received By Job
	5088  -  Total Bytes Sent By Job
	270  -  Total Bytes Received By Job
	Partitionable Resources :    Usage  Request Allocated 
	   Cpus                 :                 1         1 
	   Disk (KB)            :       18        1   1662227 
	   Memory (MB)          :       19     2000      2000 

	Job terminated of its own accord at 2022-07-04T13:46:34Z.
...
