000 (5223834.000.000) 07/04 15:45:06 Job submitted from host: <188.185.114.121:9618?addrs=188.185.114.121-9618+[2001-1458-d00-a--100-273]-9618&alias=bigbird19.cern.ch&noUDP&sock=schedd_4046901_0ec4>
...
040 (5223834.000.000) 07/04 15:46:02 Started transferring input files
	Transferring to host: <128.142.131.152:9618?addrs=128.142.131.152-9618+[2001-1458-301-59--100-8c]-9618&alias=b7g11p8679.cern.ch&noUDP&sock=slot1_10_12204_9269_232986>
...
040 (5223834.000.000) 07/04 15:46:02 Finished transferring input files
...
001 (5223834.000.000) 07/04 15:46:03 Job executing on host: <128.142.131.152:9618?addrs=128.142.131.152-9618+[2001-1458-301-59--100-8c]-9618&alias=b7g11p8679.cern.ch&noUDP&sock=startd_12162_b2ea>
...
006 (5223834.000.000) 07/04 15:46:12 Image size of job updated: 452256
	29  -  MemoryUsage of job (MB)
	29472  -  ResidentSetSize of job (KB)
...
006 (5223834.000.000) 07/04 15:47:32 Image size of job updated: 11263160
	29  -  MemoryUsage of job (MB)
	29568  -  ResidentSetSize of job (KB)
...
040 (5223834.000.000) 07/04 15:47:32 Started transferring output files
...
040 (5223834.000.000) 07/04 15:47:32 Finished transferring output files
...
005 (5223834.000.000) 07/04 15:47:32 Job terminated.
	(1) Normal termination (return value 0)
		Usr 0 00:01:46, Sys 0 00:00:11  -  Run Remote Usage
		Usr 0 00:00:00, Sys 0 00:00:00  -  Run Local Usage
		Usr 0 00:01:46, Sys 0 00:00:11  -  Total Remote Usage
		Usr 0 00:00:00, Sys 0 00:00:00  -  Total Local Usage
	6101  -  Run Bytes Sent By Job
	270  -  Run Bytes Received By Job
	6101  -  Total Bytes Sent By Job
	270  -  Total Bytes Received By Job
	Partitionable Resources :    Usage  Request Allocated 
	   Cpus                 :                 1         1 
	   Disk (KB)            :       35        1   1624736 
	   Memory (MB)          :       29     2000      2000 

	Job terminated of its own accord at 2022-07-04T13:47:32Z.
...
