000 (5223835.000.000) 07/04 15:45:07 Job submitted from host: <188.185.114.121:9618?addrs=188.185.114.121-9618+[2001-1458-d00-a--100-273]-9618&alias=bigbird19.cern.ch&noUDP&sock=schedd_4046901_0ec4>
...
040 (5223835.000.000) 07/04 15:45:53 Started transferring input files
	Transferring to host: <128.142.137.173:9618?addrs=128.142.137.173-9618+[2001-1458-301-5e--100-a1]-9618&alias=b7g19p0891.cern.ch&noUDP&sock=slot1_12_3678_3bcf_58983>
...
040 (5223835.000.000) 07/04 15:45:53 Finished transferring input files
...
001 (5223835.000.000) 07/04 15:45:54 Job executing on host: <128.142.137.173:9618?addrs=128.142.137.173-9618+[2001-1458-301-5e--100-a1]-9618&alias=b7g19p0891.cern.ch&noUDP&sock=startd_3131_2f1d>
...
006 (5223835.000.000) 07/04 15:46:03 Image size of job updated: 455668
	13  -  MemoryUsage of job (MB)
	13304  -  ResidentSetSize of job (KB)
...
006 (5223835.000.000) 07/04 15:47:32 Image size of job updated: 11262924
	13  -  MemoryUsage of job (MB)
	13304  -  ResidentSetSize of job (KB)
...
040 (5223835.000.000) 07/04 15:47:32 Started transferring output files
...
040 (5223835.000.000) 07/04 15:47:32 Finished transferring output files
...
005 (5223835.000.000) 07/04 15:47:32 Job terminated.
	(1) Normal termination (return value 0)
		Usr 0 00:01:40, Sys 0 00:00:11  -  Run Remote Usage
		Usr 0 00:00:00, Sys 0 00:00:00  -  Run Local Usage
		Usr 0 00:01:40, Sys 0 00:00:11  -  Total Remote Usage
		Usr 0 00:00:00, Sys 0 00:00:00  -  Total Local Usage
	6100  -  Run Bytes Sent By Job
	270  -  Run Bytes Received By Job
	6100  -  Total Bytes Sent By Job
	270  -  Total Bytes Received By Job
	Partitionable Resources :    Usage  Request Allocated 
	   Cpus                 :     2.49        1         1 
	   Disk (KB)            :    42           1   1621183 
	   Memory (MB)          :    13        2000      2000 

	Job terminated of its own accord at 2022-07-04T13:47:32Z.
...
