000 (5223836.000.000) 07/04 15:45:08 Job submitted from host: <188.185.114.121:9618?addrs=188.185.114.121-9618+[2001-1458-d00-a--100-273]-9618&alias=bigbird19.cern.ch&noUDP&sock=schedd_4046901_0ec4>
...
040 (5223836.000.000) 07/04 15:45:54 Started transferring input files
	Transferring to host: <128.142.137.104:9618?addrs=128.142.137.104-9618+[2001-1458-301-5e--100-5c]-9618&alias=b7g19p1547.cern.ch&noUDP&sock=slot1_31_32590_5a66_97169>
...
040 (5223836.000.000) 07/04 15:45:54 Finished transferring input files
...
001 (5223836.000.000) 07/04 15:45:55 Job executing on host: <128.142.137.104:9618?addrs=128.142.137.104-9618+[2001-1458-301-5e--100-5c]-9618&alias=b7g19p1547.cern.ch&noUDP&sock=startd_37196_f0ce>
...
006 (5223836.000.000) 07/04 15:46:03 Image size of job updated: 143152
	13  -  MemoryUsage of job (MB)
	12496  -  ResidentSetSize of job (KB)
...
006 (5223836.000.000) 07/04 15:47:24 Image size of job updated: 11262664
	13  -  MemoryUsage of job (MB)
	12496  -  ResidentSetSize of job (KB)
...
040 (5223836.000.000) 07/04 15:47:24 Started transferring output files
...
040 (5223836.000.000) 07/04 15:47:24 Finished transferring output files
...
005 (5223836.000.000) 07/04 15:47:24 Job terminated.
	(1) Normal termination (return value 0)
		Usr 0 00:01:44, Sys 0 00:00:11  -  Run Remote Usage
		Usr 0 00:00:00, Sys 0 00:00:00  -  Run Local Usage
		Usr 0 00:01:44, Sys 0 00:00:11  -  Total Remote Usage
		Usr 0 00:00:00, Sys 0 00:00:00  -  Total Local Usage
	6101  -  Run Bytes Sent By Job
	270  -  Run Bytes Received By Job
	6101  -  Total Bytes Sent By Job
	270  -  Total Bytes Received By Job
	Partitionable Resources :    Usage  Request Allocated 
	   Cpus                 :                 1         1 
	   Disk (KB)            :       35        1   1295628 
	   Memory (MB)          :       13     2000      2000 

	Job terminated of its own accord at 2022-07-04T13:47:24Z.
...
