000 (5223837.000.000) 07/04 15:45:11 Job submitted from host: <188.185.114.121:9618?addrs=188.185.114.121-9618+[2001-1458-d00-a--100-273]-9618&alias=bigbird19.cern.ch&noUDP&sock=schedd_4046901_0ec4>
...
040 (5223837.000.000) 07/04 15:45:55 Started transferring input files
	Transferring to host: <128.142.131.62:9618?addrs=128.142.131.62-9618+[2001-1458-301-59--100-32]-9618&alias=b7g11p0195.cern.ch&noUDP&sock=slot1_42_17799_c16d_39086>
...
040 (5223837.000.000) 07/04 15:45:55 Finished transferring input files
...
001 (5223837.000.000) 07/04 15:45:56 Job executing on host: <128.142.131.62:9618?addrs=128.142.131.62-9618+[2001-1458-301-59--100-32]-9618&alias=b7g11p0195.cern.ch&noUDP&sock=startd_3118_4462>
...
006 (5223837.000.000) 07/04 15:46:05 Image size of job updated: 143152
	2  -  MemoryUsage of job (MB)
	1668  -  ResidentSetSize of job (KB)
...
006 (5223837.000.000) 07/04 15:51:06 Image size of job updated: 11262668
	353  -  MemoryUsage of job (MB)
	361436  -  ResidentSetSize of job (KB)
...
006 (5223837.000.000) 07/04 15:52:15 Image size of job updated: 11262924
	353  -  MemoryUsage of job (MB)
	361436  -  ResidentSetSize of job (KB)
...
040 (5223837.000.000) 07/04 15:52:15 Started transferring output files
...
040 (5223837.000.000) 07/04 15:52:15 Finished transferring output files
...
005 (5223837.000.000) 07/04 15:52:15 Job terminated.
	(1) Normal termination (return value 0)
		Usr 0 00:01:50, Sys 0 00:00:09  -  Run Remote Usage
		Usr 0 00:00:00, Sys 0 00:00:00  -  Run Local Usage
		Usr 0 00:01:50, Sys 0 00:00:09  -  Total Remote Usage
		Usr 0 00:00:00, Sys 0 00:00:00  -  Total Local Usage
	6102  -  Run Bytes Sent By Job
	270  -  Run Bytes Received By Job
	6102  -  Total Bytes Sent By Job
	270  -  Total Bytes Received By Job
	Partitionable Resources :    Usage  Request Allocated 
	   Cpus                 :     0.07        1         1 
	   Disk (KB)            :    54           1   1589891 
	   Memory (MB)          :   353        2000      2000 

	Job terminated of its own accord at 2022-07-04T13:52:15Z.
...
