000 (5223796.000.000) 07/04 15:44:37 Job submitted from host: <188.185.114.121:9618?addrs=188.185.114.121-9618+[2001-1458-d00-a--100-273]-9618&alias=bigbird19.cern.ch&noUDP&sock=schedd_4046901_0ec4>
...
040 (5223796.000.000) 07/04 15:45:58 Started transferring input files
	Transferring to host: <188.184.164.140:9618?addrs=188.184.164.140-9618+[2001-1458-301-4e--100-86]-9618&alias=b7s13p9702.cern.ch&noUDP&sock=slot1_2_4498_ff70_78715>
...
040 (5223796.000.000) 07/04 15:45:58 Finished transferring input files
...
001 (5223796.000.000) 07/04 15:45:59 Job executing on host: <188.184.164.140:9618?addrs=188.184.164.140-9618+[2001-1458-301-4e--100-86]-9618&alias=b7s13p9702.cern.ch&noUDP&sock=startd_3369_6ea8>
...
006 (5223796.000.000) 07/04 15:46:08 Image size of job updated: 396032
	20  -  MemoryUsage of job (MB)
	19476  -  ResidentSetSize of job (KB)
...
006 (5223796.000.000) 07/04 15:48:09 Image size of job updated: 931436
	20  -  MemoryUsage of job (MB)
	20224  -  ResidentSetSize of job (KB)
...
040 (5223796.000.000) 07/04 15:48:09 Started transferring output files
...
040 (5223796.000.000) 07/04 15:48:09 Finished transferring output files
...
005 (5223796.000.000) 07/04 15:48:09 Job terminated.
	(1) Normal termination (return value 1)
		Usr 0 00:00:08, Sys 0 00:00:02  -  Run Remote Usage
		Usr 0 00:00:00, Sys 0 00:00:00  -  Run Local Usage
		Usr 0 00:00:08, Sys 0 00:00:02  -  Total Remote Usage
		Usr 0 00:00:00, Sys 0 00:00:00  -  Total Local Usage
	5088  -  Run Bytes Sent By Job
	270  -  Run Bytes Received By Job
	5088  -  Total Bytes Sent By Job
	270  -  Total Bytes Received By Job
	Partitionable Resources :    Usage  Request Allocated 
	   Cpus                 :                 1         1 
	   Disk (KB)            :       18        1   2934427 
	   Memory (MB)          :       20     2000      2000 

	Job terminated of its own accord at 2022-07-04T13:48:09Z.
...
