000 (5223843.000.000) 07/04 15:45:17 Job submitted from host: <188.185.114.121:9618?addrs=188.185.114.121-9618+[2001-1458-d00-a--100-273]-9618&alias=bigbird19.cern.ch&noUDP&sock=schedd_4046901_0ec4>
...
040 (5223843.000.000) 07/04 15:46:50 Started transferring input files
	Transferring to host: <128.142.131.83:9618?addrs=128.142.131.83-9618+[2001-1458-301-59--100-47]-9618&alias=b7g11p5981.cern.ch&noUDP&sock=slot1_38_3661_416e_76078>
...
040 (5223843.000.000) 07/04 15:46:50 Finished transferring input files
...
001 (5223843.000.000) 07/04 15:46:51 Job executing on host: <128.142.131.83:9618?addrs=128.142.131.83-9618+[2001-1458-301-59--100-47]-9618&alias=b7g11p5981.cern.ch&noUDP&sock=startd_3121_532b>
...
006 (5223843.000.000) 07/04 15:46:59 Image size of job updated: 72972
	57  -  MemoryUsage of job (MB)
	58296  -  ResidentSetSize of job (KB)
...
006 (5223843.000.000) 07/04 15:48:01 Image size of job updated: 11263404
	57  -  MemoryUsage of job (MB)
	58296  -  ResidentSetSize of job (KB)
...
040 (5223843.000.000) 07/04 15:48:01 Started transferring output files
...
040 (5223843.000.000) 07/04 15:48:01 Finished transferring output files
...
005 (5223843.000.000) 07/04 15:48:01 Job terminated.
	(1) Normal termination (return value 0)
		Usr 0 00:01:47, Sys 0 00:00:11  -  Run Remote Usage
		Usr 0 00:00:00, Sys 0 00:00:00  -  Run Local Usage
		Usr 0 00:01:47, Sys 0 00:00:11  -  Total Remote Usage
		Usr 0 00:00:00, Sys 0 00:00:00  -  Total Local Usage
	6102  -  Run Bytes Sent By Job
	270  -  Run Bytes Received By Job
	6102  -  Total Bytes Sent By Job
	270  -  Total Bytes Received By Job
	Partitionable Resources :    Usage  Request Allocated 
	   Cpus                 :                 1         1 
	   Disk (KB)            :       36        1   1633751 
	   Memory (MB)          :       57     2000      2000 

	Job terminated of its own accord at 2022-07-04T13:48:01Z.
...
