000 (5223844.000.000) 07/04 15:45:18 Job submitted from host: <188.185.114.121:9618?addrs=188.185.114.121-9618+[2001-1458-d00-a--100-273]-9618&alias=bigbird19.cern.ch&noUDP&sock=schedd_4046901_0ec4>
...
040 (5223844.000.000) 07/04 15:46:53 Started transferring input files
	Transferring to host: <188.185.103.37:9618?addrs=188.185.103.37-9618+[2001-1458-d00-60--100-21]-9618&alias=b7g28p1078.cern.ch&noUDP&sock=slot1_4_9645_8661_91125>
...
040 (5223844.000.000) 07/04 15:46:53 Finished transferring input files
...
001 (5223844.000.000) 07/04 15:46:54 Job executing on host: <188.185.103.37:9618?addrs=188.185.103.37-9618+[2001-1458-d00-60--100-21]-9618&alias=b7g28p1078.cern.ch&noUDP&sock=startd_5843_63f6>
...
006 (5223844.000.000) 07/04 15:47:03 Image size of job updated: 307288
	221  -  MemoryUsage of job (MB)
	225352  -  ResidentSetSize of job (KB)
...
006 (5223844.000.000) 07/04 15:47:28 Image size of job updated: 4773156
	221  -  MemoryUsage of job (MB)
	225352  -  ResidentSetSize of job (KB)
...
040 (5223844.000.000) 07/04 15:47:28 Started transferring output files
...
040 (5223844.000.000) 07/04 15:47:28 Finished transferring output files
...
005 (5223844.000.000) 07/04 15:47:28 Job terminated.
	(1) Normal termination (return value 0)
		Usr 0 00:01:10, Sys 0 00:00:05  -  Run Remote Usage
		Usr 0 00:00:00, Sys 0 00:00:00  -  Run Local Usage
		Usr 0 00:01:10, Sys 0 00:00:05  -  Total Remote Usage
		Usr 0 00:00:00, Sys 0 00:00:00  -  Total Local Usage
	6101  -  Run Bytes Sent By Job
	270  -  Run Bytes Received By Job
	6101  -  Total Bytes Sent By Job
	270  -  Total Bytes Received By Job
	Partitionable Resources :    Usage  Request Allocated 
	   Cpus                 :                 1         1 
	   Disk (KB)            :       36        1   1464733 
	   Memory (MB)          :      221     2000      2000 

	Job terminated of its own accord at 2022-07-04T13:47:28Z.
...
