000 (5223846.000.000) 07/04 15:45:19 Job submitted from host: <188.185.114.121:9618?addrs=188.185.114.121-9618+[2001-1458-d00-a--100-273]-9618&alias=bigbird19.cern.ch&noUDP&sock=schedd_4046901_0ec4>
...
040 (5223846.000.000) 07/04 15:46:54 Started transferring input files
	Transferring to host: <128.142.192.215:9618?addrs=128.142.192.215-9618+[2001-1458-301-56--100-53]-9618&alias=b7g18p6011.cern.ch&noUDP&sock=slot1_17_3657_6fee_18368>
...
040 (5223846.000.000) 07/04 15:46:54 Finished transferring input files
...
001 (5223846.000.000) 07/04 15:46:55 Job executing on host: <128.142.192.215:9618?addrs=128.142.192.215-9618+[2001-1458-301-56--100-53]-9618&alias=b7g18p6011.cern.ch&noUDP&sock=startd_3061_2b7c>
...
006 (5223846.000.000) 07/04 15:47:04 Image size of job updated: 455024
	139  -  MemoryUsage of job (MB)
	141412  -  ResidentSetSize of job (KB)
...
006 (5223846.000.000) 07/04 15:47:42 Image size of job updated: 12885660
	139  -  MemoryUsage of job (MB)
	141412  -  ResidentSetSize of job (KB)
...
040 (5223846.000.000) 07/04 15:47:42 Started transferring output files
...
040 (5223846.000.000) 07/04 15:47:42 Finished transferring output files
...
005 (5223846.000.000) 07/04 15:47:42 Job terminated.
	(1) Normal termination (return value 0)
		Usr 0 00:01:28, Sys 0 00:00:10  -  Run Remote Usage
		Usr 0 00:00:00, Sys 0 00:00:00  -  Run Local Usage
		Usr 0 00:01:28, Sys 0 00:00:10  -  Total Remote Usage
		Usr 0 00:00:00, Sys 0 00:00:00  -  Total Local Usage
	6101  -  Run Bytes Sent By Job
	270  -  Run Bytes Received By Job
	6101  -  Total Bytes Sent By Job
	270  -  Total Bytes Received By Job
	Partitionable Resources :    Usage  Request Allocated 
	   Cpus                 :                 1         1 
	   Disk (KB)            :       36        1   3082200 
	   Memory (MB)          :      139     2000      2000 

	Job terminated of its own accord at 2022-07-04T13:47:42Z.
...
