000 (5223847.000.000) 07/04 15:45:20 Job submitted from host: <188.185.114.121:9618?addrs=188.185.114.121-9618+[2001-1458-d00-a--100-273]-9618&alias=bigbird19.cern.ch&noUDP&sock=schedd_4046901_0ec4>
...
040 (5223847.000.000) 07/04 15:45:56 Started transferring input files
	Transferring to host: <128.142.131.24:9618?addrs=128.142.131.24-9618+[2001-1458-301-59--100-c]-9618&alias=b7g11p3945.cern.ch&noUDP&sock=slot1_24_4125_2f81_27822>
...
040 (5223847.000.000) 07/04 15:45:56 Finished transferring input files
...
001 (5223847.000.000) 07/04 15:45:57 Job executing on host: <128.142.131.24:9618?addrs=128.142.131.24-9618+[2001-1458-301-59--100-c]-9618&alias=b7g11p3945.cern.ch&noUDP&sock=startd_3170_ef4f>
...
006 (5223847.000.000) 07/04 15:46:06 Image size of job updated: 395516
	2  -  MemoryUsage of job (MB)
	2008  -  ResidentSetSize of job (KB)
...
006 (5223847.000.000) 07/04 15:49:32 Image size of job updated: 931068
	2  -  MemoryUsage of job (MB)
	2008  -  ResidentSetSize of job (KB)
...
040 (5223847.000.000) 07/04 15:49:32 Started transferring output files
...
040 (5223847.000.000) 07/04 15:49:32 Finished transferring output files
...
005 (5223847.000.000) 07/04 15:49:32 Job terminated.
	(1) Normal termination (return value 1)
		Usr 0 00:00:09, Sys 0 00:00:01  -  Run Remote Usage
		Usr 0 00:00:00, Sys 0 00:00:00  -  Run Local Usage
		Usr 0 00:00:09, Sys 0 00:00:01  -  Total Remote Usage
		Usr 0 00:00:00, Sys 0 00:00:00  -  Total Local Usage
	5088  -  Run Bytes Sent By Job
	270  -  Run Bytes Received By Job
	5088  -  Total Bytes Sent By Job
	270  -  Total Bytes Received By Job
	Partitionable Resources :    Usage  Request Allocated 
	   Cpus                 :                 1         1 
	   Disk (KB)            :       18        1   1605565 
	   Memory (MB)          :        2     2000      2000 

	Job terminated of its own accord at 2022-07-04T13:49:32Z.
...
