000 (5223850.000.000) 07/04 15:45:22 Job submitted from host: <188.185.114.121:9618?addrs=188.185.114.121-9618+[2001-1458-d00-a--100-273]-9618&alias=bigbird19.cern.ch&noUDP&sock=schedd_4046901_0ec4>
...
040 (5223850.000.000) 07/04 15:45:56 Started transferring input files
	Transferring to host: <128.142.131.55:9618?addrs=128.142.131.55-9618+[2001-1458-301-59--100-2b]-9618&alias=b7g11p0735.cern.ch&noUDP&sock=slot1_42_3658_244e_73757>
...
040 (5223850.000.000) 07/04 15:45:56 Finished transferring input files
...
001 (5223850.000.000) 07/04 15:45:57 Job executing on host: <128.142.131.55:9618?addrs=128.142.131.55-9618+[2001-1458-301-59--100-2b]-9618&alias=b7g11p0735.cern.ch&noUDP&sock=startd_3149_87d2>
...
006 (5223850.000.000) 07/04 15:46:06 Image size of job updated: 452256
	14  -  MemoryUsage of job (MB)
	13336  -  ResidentSetSize of job (KB)
...
006 (5223850.000.000) 07/04 15:47:35 Image size of job updated: 11263412
	14  -  MemoryUsage of job (MB)
	13348  -  ResidentSetSize of job (KB)
...
040 (5223850.000.000) 07/04 15:47:36 Started transferring output files
...
040 (5223850.000.000) 07/04 15:47:36 Finished transferring output files
...
005 (5223850.000.000) 07/04 15:47:36 Job terminated.
	(1) Normal termination (return value 0)
		Usr 0 00:01:41, Sys 0 00:00:11  -  Run Remote Usage
		Usr 0 00:00:00, Sys 0 00:00:00  -  Run Local Usage
		Usr 0 00:01:41, Sys 0 00:00:11  -  Total Remote Usage
		Usr 0 00:00:00, Sys 0 00:00:00  -  Total Local Usage
	6101  -  Run Bytes Sent By Job
	270  -  Run Bytes Received By Job
	6101  -  Total Bytes Sent By Job
	270  -  Total Bytes Received By Job
	Partitionable Resources :    Usage  Request Allocated 
	   Cpus                 :                 1         1 
	   Disk (KB)            :       35        1   1673200 
	   Memory (MB)          :       14     2000      2000 

	Job terminated of its own accord at 2022-07-04T13:47:35Z.
...
