000 (5223797.000.000) 07/04 15:44:37 Job submitted from host: <188.185.114.121:9618?addrs=188.185.114.121-9618+[2001-1458-d00-a--100-273]-9618&alias=bigbird19.cern.ch&noUDP&sock=schedd_4046901_0ec4>
...
040 (5223797.000.000) 07/04 15:45:42 Started transferring input files
	Transferring to host: <188.184.165.43:9618?addrs=188.184.165.43-9618+[2001-1458-301-51--100-26]-9618&alias=b7s14p8730.cern.ch&noUDP&sock=slot1_5_3810_3d54_78625>
...
040 (5223797.000.000) 07/04 15:45:42 Finished transferring input files
...
001 (5223797.000.000) 07/04 15:45:43 Job executing on host: <188.184.165.43:9618?addrs=188.184.165.43-9618+[2001-1458-301-51--100-26]-9618&alias=b7s14p8730.cern.ch&noUDP&sock=startd_3132_deb6>
...
006 (5223797.000.000) 07/04 15:45:52 Image size of job updated: 392772
	57  -  MemoryUsage of job (MB)
	57960  -  ResidentSetSize of job (KB)
...
006 (5223797.000.000) 07/04 15:47:09 Image size of job updated: 14508396
	57  -  MemoryUsage of job (MB)
	57960  -  ResidentSetSize of job (KB)
...
040 (5223797.000.000) 07/04 15:47:09 Started transferring output files
...
040 (5223797.000.000) 07/04 15:47:09 Finished transferring output files
...
005 (5223797.000.000) 07/04 15:47:09 Job terminated.
	(1) Normal termination (return value 0)
		Usr 0 00:01:26, Sys 0 00:00:08  -  Run Remote Usage
		Usr 0 00:00:00, Sys 0 00:00:00  -  Run Local Usage
		Usr 0 00:01:26, Sys 0 00:00:08  -  Total Remote Usage
		Usr 0 00:00:00, Sys 0 00:00:00  -  Total Local Usage
	6108  -  Run Bytes Sent By Job
	270  -  Run Bytes Received By Job
	6108  -  Total Bytes Sent By Job
	270  -  Total Bytes Received By Job
	Partitionable Resources :    Usage  Request Allocated 
	   Cpus                 :                 1         1 
	   Disk (KB)            :       35        1   2977532 
	   Memory (MB)          :       57     2000      2000 

	Job terminated of its own accord at 2022-07-04T13:47:09Z.
...
