000 (5223852.000.000) 07/04 15:45:23 Job submitted from host: <188.185.114.121:9618?addrs=188.185.114.121-9618+[2001-1458-d00-a--100-273]-9618&alias=bigbird19.cern.ch&noUDP&sock=schedd_4046901_0ec4>
...
040 (5223852.000.000) 07/04 15:45:57 Started transferring input files
	Transferring to host: <128.142.131.60:9618?addrs=128.142.131.60-9618+[2001-1458-301-59--100-30]-9618&alias=b7g11p1645.cern.ch&noUDP&sock=slot1_7_3841_14f5_102879>
...
040 (5223852.000.000) 07/04 15:45:57 Finished transferring input files
...
001 (5223852.000.000) 07/04 15:45:58 Job executing on host: <128.142.131.60:9618?addrs=128.142.131.60-9618+[2001-1458-301-59--100-30]-9618&alias=b7g11p1645.cern.ch&noUDP&sock=startd_3274_4528>
...
006 (5223852.000.000) 07/04 15:46:07 Image size of job updated: 452800
	18  -  MemoryUsage of job (MB)
	17776  -  ResidentSetSize of job (KB)
...
006 (5223852.000.000) 07/04 15:46:48 Image size of job updated: 964208
	18  -  MemoryUsage of job (MB)
	17776  -  ResidentSetSize of job (KB)
...
040 (5223852.000.000) 07/04 15:46:48 Started transferring output files
...
040 (5223852.000.000) 07/04 15:46:48 Finished transferring output files
...
005 (5223852.000.000) 07/04 15:46:48 Job terminated.
	(1) Normal termination (return value 1)
		Usr 0 00:00:10, Sys 0 00:00:03  -  Run Remote Usage
		Usr 0 00:00:00, Sys 0 00:00:00  -  Run Local Usage
		Usr 0 00:00:10, Sys 0 00:00:03  -  Total Remote Usage
		Usr 0 00:00:00, Sys 0 00:00:00  -  Total Local Usage
	5088  -  Run Bytes Sent By Job
	270  -  Run Bytes Received By Job
	5088  -  Total Bytes Sent By Job
	270  -  Total Bytes Received By Job
	Partitionable Resources :    Usage  Request Allocated 
	   Cpus                 :     0.22        1         1 
	   Disk (KB)            :    26           1   1632232 
	   Memory (MB)          :    18        2000      2000 

	Job terminated of its own accord at 2022-07-04T13:46:48Z.
...
