000 (5223853.000.000) 07/04 15:45:24 Job submitted from host: <188.185.114.121:9618?addrs=188.185.114.121-9618+[2001-1458-d00-a--100-273]-9618&alias=bigbird19.cern.ch&noUDP&sock=schedd_4046901_0ec4>
...
040 (5223853.000.000) 07/04 15:45:57 Started transferring input files
	Transferring to host: <128.142.132.66:9618?addrs=128.142.132.66-9618+[2001-1458-301-5a--100-36]-9618&alias=b7g12p8982.cern.ch&noUDP&sock=slot1_13_3639_c12d_121205>
...
040 (5223853.000.000) 07/04 15:45:57 Finished transferring input files
...
001 (5223853.000.000) 07/04 15:45:58 Job executing on host: <128.142.132.66:9618?addrs=128.142.132.66-9618+[2001-1458-301-5a--100-36]-9618&alias=b7g12p8982.cern.ch&noUDP&sock=startd_3105_59a7>
...
006 (5223853.000.000) 07/04 15:46:07 Image size of job updated: 40064
	25  -  MemoryUsage of job (MB)
	24676  -  ResidentSetSize of job (KB)
...
006 (5223853.000.000) 07/04 15:47:46 Image size of job updated: 11263420
	25  -  MemoryUsage of job (MB)
	24676  -  ResidentSetSize of job (KB)
...
040 (5223853.000.000) 07/04 15:47:46 Started transferring output files
...
040 (5223853.000.000) 07/04 15:47:46 Finished transferring output files
...
005 (5223853.000.000) 07/04 15:47:46 Job terminated.
	(1) Normal termination (return value 0)
		Usr 0 00:01:53, Sys 0 00:00:12  -  Run Remote Usage
		Usr 0 00:00:00, Sys 0 00:00:00  -  Run Local Usage
		Usr 0 00:01:53, Sys 0 00:00:12  -  Total Remote Usage
		Usr 0 00:00:00, Sys 0 00:00:00  -  Total Local Usage
	6101  -  Run Bytes Sent By Job
	270  -  Run Bytes Received By Job
	6101  -  Total Bytes Sent By Job
	270  -  Total Bytes Received By Job
	Partitionable Resources :    Usage  Request Allocated 
	   Cpus                 :                 1         1 
	   Disk (KB)            :       35        1   1411774 
	   Memory (MB)          :       25     2000      2000 

	Job terminated of its own accord at 2022-07-04T13:47:46Z.
...
