000 (5223854.000.000) 07/04 15:45:25 Job submitted from host: <188.185.114.121:9618?addrs=188.185.114.121-9618+[2001-1458-d00-a--100-273]-9618&alias=bigbird19.cern.ch&noUDP&sock=schedd_4046901_0ec4>
...
040 (5223854.000.000) 07/04 15:47:07 Started transferring input files
	Transferring to host: <128.142.131.60:9618?addrs=128.142.131.60-9618+[2001-1458-301-59--100-30]-9618&alias=b7g11p1645.cern.ch&noUDP&sock=slot1_7_3841_14f5_102882>
...
040 (5223854.000.000) 07/04 15:47:07 Finished transferring input files
...
001 (5223854.000.000) 07/04 15:47:08 Job executing on host: <128.142.131.60:9618?addrs=128.142.131.60-9618+[2001-1458-301-59--100-30]-9618&alias=b7g11p1645.cern.ch&noUDP&sock=startd_3274_4528>
...
006 (5223854.000.000) 07/04 15:47:17 Image size of job updated: 756120
	94  -  MemoryUsage of job (MB)
	95448  -  ResidentSetSize of job (KB)
...
006 (5223854.000.000) 07/04 15:48:11 Image size of job updated: 11263156
	94  -  MemoryUsage of job (MB)
	95504  -  ResidentSetSize of job (KB)
...
040 (5223854.000.000) 07/04 15:48:12 Started transferring output files
...
040 (5223854.000.000) 07/04 15:48:12 Finished transferring output files
...
005 (5223854.000.000) 07/04 15:48:12 Job terminated.
	(1) Normal termination (return value 0)
		Usr 0 00:01:45, Sys 0 00:00:11  -  Run Remote Usage
		Usr 0 00:00:00, Sys 0 00:00:00  -  Run Local Usage
		Usr 0 00:01:45, Sys 0 00:00:11  -  Total Remote Usage
		Usr 0 00:00:00, Sys 0 00:00:00  -  Total Local Usage
	6099  -  Run Bytes Sent By Job
	270  -  Run Bytes Received By Job
	6099  -  Total Bytes Sent By Job
	270  -  Total Bytes Received By Job
	Partitionable Resources :    Usage  Request Allocated 
	   Cpus                 :                 1         1 
	   Disk (KB)            :       36        1   1641173 
	   Memory (MB)          :       94     2000      2000 

	Job terminated of its own accord at 2022-07-04T13:48:11Z.
...
