000 (5223856.000.000) 07/04 15:45:26 Job submitted from host: <188.185.114.121:9618?addrs=188.185.114.121-9618+[2001-1458-d00-a--100-273]-9618&alias=bigbird19.cern.ch&noUDP&sock=schedd_4046901_0ec4>
...
040 (5223856.000.000) 07/04 15:45:58 Started transferring input files
	Transferring to host: <128.142.131.167:9618?addrs=128.142.131.167-9618+[2001-1458-301-59--100-9b]-9618&alias=b7g11p9674.cern.ch&noUDP&sock=slot1_6_4189_4783_30467>
...
040 (5223856.000.000) 07/04 15:45:58 Finished transferring input files
...
001 (5223856.000.000) 07/04 15:45:59 Job executing on host: <128.142.131.167:9618?addrs=128.142.131.167-9618+[2001-1458-301-59--100-9b]-9618&alias=b7g11p9674.cern.ch&noUDP&sock=startd_3282_c1ea>
...
006 (5223856.000.000) 07/04 15:46:08 Image size of job updated: 39076
	1  -  MemoryUsage of job (MB)
	492  -  ResidentSetSize of job (KB)
...
006 (5223856.000.000) 07/04 15:48:27 Image size of job updated: 11262924
	1  -  MemoryUsage of job (MB)
	492  -  ResidentSetSize of job (KB)
...
040 (5223856.000.000) 07/04 15:48:27 Started transferring output files
...
040 (5223856.000.000) 07/04 15:48:27 Finished transferring output files
...
005 (5223856.000.000) 07/04 15:48:27 Job terminated.
	(1) Normal termination (return value 0)
		Usr 0 00:01:47, Sys 0 00:00:11  -  Run Remote Usage
		Usr 0 00:00:00, Sys 0 00:00:00  -  Run Local Usage
		Usr 0 00:01:47, Sys 0 00:00:11  -  Total Remote Usage
		Usr 0 00:00:00, Sys 0 00:00:00  -  Total Local Usage
	6101  -  Run Bytes Sent By Job
	270  -  Run Bytes Received By Job
	6101  -  Total Bytes Sent By Job
	270  -  Total Bytes Received By Job
	Partitionable Resources :    Usage  Request Allocated 
	   Cpus                 :                 1         1 
	   Disk (KB)            :       35        1   1561257 
	   Memory (MB)          :        1     2000      2000 

	Job terminated of its own accord at 2022-07-04T13:48:27Z.
...
