000 (5223857.000.000) 07/04 15:45:27 Job submitted from host: <188.185.114.121:9618?addrs=188.185.114.121-9618+[2001-1458-d00-a--100-273]-9618&alias=bigbird19.cern.ch&noUDP&sock=schedd_4046901_0ec4>
...
040 (5223857.000.000) 07/04 15:47:09 Started transferring input files
	Transferring to host: <188.184.165.43:9618?addrs=188.184.165.43-9618+[2001-1458-301-51--100-26]-9618&alias=b7s14p8730.cern.ch&noUDP&sock=slot1_5_3810_3d54_78629>
...
040 (5223857.000.000) 07/04 15:47:09 Finished transferring input files
...
001 (5223857.000.000) 07/04 15:47:10 Job executing on host: <188.184.165.43:9618?addrs=188.184.165.43-9618+[2001-1458-301-51--100-26]-9618&alias=b7s14p8730.cern.ch&noUDP&sock=startd_3132_deb6>
...
006 (5223857.000.000) 07/04 15:47:19 Image size of job updated: 223588
	145  -  MemoryUsage of job (MB)
	147880  -  ResidentSetSize of job (KB)
...
006 (5223857.000.000) 07/04 15:47:45 Image size of job updated: 14508152
	148  -  MemoryUsage of job (MB)
	150976  -  ResidentSetSize of job (KB)
...
040 (5223857.000.000) 07/04 15:47:45 Started transferring output files
...
040 (5223857.000.000) 07/04 15:47:45 Finished transferring output files
...
005 (5223857.000.000) 07/04 15:47:45 Job terminated.
	(1) Normal termination (return value 0)
		Usr 0 00:01:25, Sys 0 00:00:08  -  Run Remote Usage
		Usr 0 00:00:00, Sys 0 00:00:00  -  Run Local Usage
		Usr 0 00:01:25, Sys 0 00:00:08  -  Total Remote Usage
		Usr 0 00:00:00, Sys 0 00:00:00  -  Total Local Usage
	6110  -  Run Bytes Sent By Job
	270  -  Run Bytes Received By Job
	6110  -  Total Bytes Sent By Job
	270  -  Total Bytes Received By Job
	Partitionable Resources :    Usage  Request Allocated 
	   Cpus                 :                 1         1 
	   Disk (KB)            :       36        1   2981185 
	   Memory (MB)          :      148     2000      2000 

	Job terminated of its own accord at 2022-07-04T13:47:45Z.
...
