000 (5223860.000.000) 07/04 15:45:29 Job submitted from host: <188.185.114.121:9618?addrs=188.185.114.121-9618+[2001-1458-d00-a--100-273]-9618&alias=bigbird19.cern.ch&noUDP&sock=schedd_4046901_0ec4>
...
040 (5223860.000.000) 07/04 15:46:02 Started transferring input files
	Transferring to host: <128.142.131.85:9618?addrs=128.142.131.85-9618+[2001-1458-301-59--100-49]-9618&alias=b7g11p3736.cern.ch&noUDP&sock=slot1_13_16576_0a9b_33972>
...
040 (5223860.000.000) 07/04 15:46:02 Finished transferring input files
...
001 (5223860.000.000) 07/04 15:46:03 Job executing on host: <128.142.131.85:9618?addrs=128.142.131.85-9618+[2001-1458-301-59--100-49]-9618&alias=b7g11p3736.cern.ch&noUDP&sock=startd_32043_6947>
...
006 (5223860.000.000) 07/04 15:46:11 Image size of job updated: 521496
	2  -  MemoryUsage of job (MB)
	1452  -  ResidentSetSize of job (KB)
...
006 (5223860.000.000) 07/04 15:50:24 Image size of job updated: 11263420
	2  -  MemoryUsage of job (MB)
	1452  -  ResidentSetSize of job (KB)
...
040 (5223860.000.000) 07/04 15:50:24 Started transferring output files
...
040 (5223860.000.000) 07/04 15:50:24 Finished transferring output files
...
005 (5223860.000.000) 07/04 15:50:24 Job terminated.
	(1) Normal termination (return value 0)
		Usr 0 00:01:49, Sys 0 00:00:11  -  Run Remote Usage
		Usr 0 00:00:00, Sys 0 00:00:00  -  Run Local Usage
		Usr 0 00:01:49, Sys 0 00:00:11  -  Total Remote Usage
		Usr 0 00:00:00, Sys 0 00:00:00  -  Total Local Usage
	6101  -  Run Bytes Sent By Job
	270  -  Run Bytes Received By Job
	6101  -  Total Bytes Sent By Job
	270  -  Total Bytes Received By Job
	Partitionable Resources :    Usage  Request Allocated 
	   Cpus                 :     0.02        1         1 
	   Disk (KB)            :    42           1   1654945 
	   Memory (MB)          :     2        2000      2000 

	Job terminated of its own accord at 2022-07-04T13:50:24Z.
...
