000 (5223861.000.000) 07/04 15:45:30 Job submitted from host: <188.185.114.121:9618?addrs=188.185.114.121-9618+[2001-1458-d00-a--100-273]-9618&alias=bigbird19.cern.ch&noUDP&sock=schedd_4046901_0ec4>
...
040 (5223861.000.000) 07/04 15:47:17 Started transferring input files
	Transferring to host: <188.184.164.120:9618?addrs=188.184.164.120-9618+[2001-1458-301-4e--100-72]-9618&alias=b7s13p5832.cern.ch&noUDP&sock=slot1_6_138098_48a9_13080>
...
040 (5223861.000.000) 07/04 15:47:17 Finished transferring input files
...
001 (5223861.000.000) 07/04 15:47:18 Job executing on host: <188.184.164.120:9618?addrs=188.184.164.120-9618+[2001-1458-301-4e--100-72]-9618&alias=b7s13p5832.cern.ch&noUDP&sock=startd_137609_e81a>
...
006 (5223861.000.000) 07/04 15:47:27 Image size of job updated: 356540
	160  -  MemoryUsage of job (MB)
	163612  -  ResidentSetSize of job (KB)
...
006 (5223861.000.000) 07/04 15:47:59 Image size of job updated: 14508156
	161  -  MemoryUsage of job (MB)
	164008  -  ResidentSetSize of job (KB)
...
040 (5223861.000.000) 07/04 15:47:59 Started transferring output files
...
040 (5223861.000.000) 07/04 15:47:59 Finished transferring output files
...
005 (5223861.000.000) 07/04 15:47:59 Job terminated.
	(1) Normal termination (return value 0)
		Usr 0 00:01:40, Sys 0 00:00:10  -  Run Remote Usage
		Usr 0 00:00:00, Sys 0 00:00:00  -  Run Local Usage
		Usr 0 00:01:40, Sys 0 00:00:10  -  Total Remote Usage
		Usr 0 00:00:00, Sys 0 00:00:00  -  Total Local Usage
	6109  -  Run Bytes Sent By Job
	270  -  Run Bytes Received By Job
	6109  -  Total Bytes Sent By Job
	270  -  Total Bytes Received By Job
	Partitionable Resources :    Usage  Request Allocated 
	   Cpus                 :                 1         1 
	   Disk (KB)            :       36        1   3045308 
	   Memory (MB)          :      161     2000      2000 

	Job terminated of its own accord at 2022-07-04T13:47:59Z.
...
