000 (5223863.000.000) 07/04 15:45:31 Job submitted from host: <188.185.114.121:9618?addrs=188.185.114.121-9618+[2001-1458-d00-a--100-273]-9618&alias=bigbird19.cern.ch&noUDP&sock=schedd_4046901_0ec4>
...
040 (5223863.000.000) 07/04 15:46:02 Started transferring input files
	Transferring to host: <128.142.132.48:9618?addrs=128.142.132.48-9618+[2001-1458-301-5a--100-24]-9618&alias=b7g12p0586.cern.ch&noUDP&sock=slot1_20_9434_db39_131945>
...
040 (5223863.000.000) 07/04 15:46:02 Finished transferring input files
...
001 (5223863.000.000) 07/04 15:46:03 Job executing on host: <128.142.132.48:9618?addrs=128.142.132.48-9618+[2001-1458-301-5a--100-24]-9618&alias=b7g12p0586.cern.ch&noUDP&sock=startd_8316_a9ac>
...
006 (5223863.000.000) 07/04 15:46:11 Image size of job updated: 24016
	16  -  MemoryUsage of job (MB)
	15780  -  ResidentSetSize of job (KB)
...
006 (5223863.000.000) 07/04 15:48:00 Image size of job updated: 11263156
	16  -  MemoryUsage of job (MB)
	15780  -  ResidentSetSize of job (KB)
...
040 (5223863.000.000) 07/04 15:48:00 Started transferring output files
...
040 (5223863.000.000) 07/04 15:48:00 Finished transferring output files
...
005 (5223863.000.000) 07/04 15:48:00 Job terminated.
	(1) Normal termination (return value 0)
		Usr 0 00:01:47, Sys 0 00:00:12  -  Run Remote Usage
		Usr 0 00:00:00, Sys 0 00:00:00  -  Run Local Usage
		Usr 0 00:01:47, Sys 0 00:00:12  -  Total Remote Usage
		Usr 0 00:00:00, Sys 0 00:00:00  -  Total Local Usage
	6101  -  Run Bytes Sent By Job
	270  -  Run Bytes Received By Job
	6101  -  Total Bytes Sent By Job
	270  -  Total Bytes Received By Job
	Partitionable Resources :    Usage  Request Allocated 
	   Cpus                 :                 1         1 
	   Disk (KB)            :       35        1   1590271 
	   Memory (MB)          :       16     2000      2000 

	Job terminated of its own accord at 2022-07-04T13:48:00Z.
...
