000 (5223865.000.000) 07/04 15:45:33 Job submitted from host: <188.185.114.121:9618?addrs=188.185.114.121-9618+[2001-1458-d00-a--100-273]-9618&alias=bigbird19.cern.ch&noUDP&sock=schedd_4046901_0ec4>
...
040 (5223865.000.000) 07/04 15:46:02 Started transferring input files
	Transferring to host: <128.142.137.155:9618?addrs=128.142.137.155-9618+[2001-1458-301-5e--100-8f]-9618&alias=b7g19p3008.cern.ch&noUDP&sock=slot1_16_3926_f8d9_75839>
...
040 (5223865.000.000) 07/04 15:46:02 Finished transferring input files
...
001 (5223865.000.000) 07/04 15:46:03 Job executing on host: <128.142.137.155:9618?addrs=128.142.137.155-9618+[2001-1458-301-5e--100-8f]-9618&alias=b7g19p3008.cern.ch&noUDP&sock=startd_3219_8b73>
...
006 (5223865.000.000) 07/04 15:46:11 Image size of job updated: 143152
	5  -  MemoryUsage of job (MB)
	4964  -  ResidentSetSize of job (KB)
...
006 (5223865.000.000) 07/04 15:47:28 Image size of job updated: 11263416
	5  -  MemoryUsage of job (MB)
	4964  -  ResidentSetSize of job (KB)
...
040 (5223865.000.000) 07/04 15:47:28 Started transferring output files
...
040 (5223865.000.000) 07/04 15:47:28 Finished transferring output files
...
005 (5223865.000.000) 07/04 15:47:29 Job terminated.
	(1) Normal termination (return value 0)
		Usr 0 00:01:45, Sys 0 00:00:11  -  Run Remote Usage
		Usr 0 00:00:00, Sys 0 00:00:00  -  Run Local Usage
		Usr 0 00:01:45, Sys 0 00:00:11  -  Total Remote Usage
		Usr 0 00:00:00, Sys 0 00:00:00  -  Total Local Usage
	6100  -  Run Bytes Sent By Job
	270  -  Run Bytes Received By Job
	6100  -  Total Bytes Sent By Job
	270  -  Total Bytes Received By Job
	Partitionable Resources :    Usage  Request Allocated 
	   Cpus                 :                 1         1 
	   Disk (KB)            :       35        1   1561514 
	   Memory (MB)          :        5     2000      2000 

	Job terminated of its own accord at 2022-07-04T13:47:28Z.
...
