000 (5223867.000.000) 07/04 15:45:36 Job submitted from host: <188.185.114.121:9618?addrs=188.185.114.121-9618+[2001-1458-d00-a--100-273]-9618&alias=bigbird19.cern.ch&noUDP&sock=schedd_4046901_0ec4>
...
040 (5223867.000.000) 07/04 15:47:18 Started transferring input files
	Transferring to host: <128.142.192.184:9618?addrs=128.142.192.184-9618+[2001-1458-301-56--100-34]-9618&alias=b7g18p4209.cern.ch&noUDP&sock=slot1_10_4168_7ba3_18464>
...
040 (5223867.000.000) 07/04 15:47:18 Finished transferring input files
...
001 (5223867.000.000) 07/04 15:47:19 Job executing on host: <128.142.192.184:9618?addrs=128.142.192.184-9618+[2001-1458-301-56--100-34]-9618&alias=b7g18p4209.cern.ch&noUDP&sock=startd_4101_85fb>
...
006 (5223867.000.000) 07/04 15:47:27 Image size of job updated: 219040
	141  -  MemoryUsage of job (MB)
	143960  -  ResidentSetSize of job (KB)
...
006 (5223867.000.000) 07/04 15:48:01 Image size of job updated: 12885780
	141  -  MemoryUsage of job (MB)
	144008  -  ResidentSetSize of job (KB)
...
040 (5223867.000.000) 07/04 15:48:01 Started transferring output files
...
040 (5223867.000.000) 07/04 15:48:01 Finished transferring output files
...
005 (5223867.000.000) 07/04 15:48:01 Job terminated.
	(1) Normal termination (return value 0)
		Usr 0 00:01:34, Sys 0 00:00:10  -  Run Remote Usage
		Usr 0 00:00:00, Sys 0 00:00:00  -  Run Local Usage
		Usr 0 00:01:34, Sys 0 00:00:10  -  Total Remote Usage
		Usr 0 00:00:00, Sys 0 00:00:00  -  Total Local Usage
	6102  -  Run Bytes Sent By Job
	270  -  Run Bytes Received By Job
	6102  -  Total Bytes Sent By Job
	270  -  Total Bytes Received By Job
	Partitionable Resources :    Usage  Request Allocated 
	   Cpus                 :                 1         1 
	   Disk (KB)            :       36        1   3023828 
	   Memory (MB)          :      141     2000      2000 

	Job terminated of its own accord at 2022-07-04T13:48:01Z.
...
