000 (5223868.000.000) 07/04 15:45:39 Job submitted from host: <188.185.114.121:9618?addrs=188.185.114.121-9618+[2001-1458-d00-a--100-273]-9618&alias=bigbird19.cern.ch&noUDP&sock=schedd_4046901_0ec4>
...
040 (5223868.000.000) 07/04 15:45:58 Started transferring input files
	Transferring to host: <128.142.52.9:9618?addrs=128.142.52.9-9618+[2001-1458-301-1b--100-6]-9618&alias=b7g02p1444.cern.ch&noUDP&sock=slot1_10_197271_03ef_68070>
...
040 (5223868.000.000) 07/04 15:45:58 Finished transferring input files
...
001 (5223868.000.000) 07/04 15:45:59 Job executing on host: <128.142.52.9:9618?addrs=128.142.52.9-9618+[2001-1458-301-1b--100-6]-9618&alias=b7g02p1444.cern.ch&noUDP&sock=startd_160166_21e7>
...
006 (5223868.000.000) 07/04 15:46:08 Image size of job updated: 425968
	96  -  MemoryUsage of job (MB)
	97644  -  ResidentSetSize of job (KB)
...
006 (5223868.000.000) 07/04 15:47:38 Image size of job updated: 14508276
	96  -  MemoryUsage of job (MB)
	97644  -  ResidentSetSize of job (KB)
...
040 (5223868.000.000) 07/04 15:47:39 Started transferring output files
...
040 (5223868.000.000) 07/04 15:47:39 Finished transferring output files
...
005 (5223868.000.000) 07/04 15:47:39 Job terminated.
	(1) Normal termination (return value 0)
		Usr 0 00:01:41, Sys 0 00:00:09  -  Run Remote Usage
		Usr 0 00:00:00, Sys 0 00:00:00  -  Run Local Usage
		Usr 0 00:01:41, Sys 0 00:00:09  -  Total Remote Usage
		Usr 0 00:00:00, Sys 0 00:00:00  -  Total Local Usage
	6109  -  Run Bytes Sent By Job
	270  -  Run Bytes Received By Job
	6109  -  Total Bytes Sent By Job
	270  -  Total Bytes Received By Job
	Partitionable Resources :    Usage  Request Allocated 
	   Cpus                 :                 1         1 
	   Disk (KB)            :       35        1   1264801 
	   Memory (MB)          :       96     2000      2000 

	Job terminated of its own accord at 2022-07-04T13:47:38Z.
...
