000 (5223869.000.000) 07/04 15:45:40 Job submitted from host: <188.185.114.121:9618?addrs=188.185.114.121-9618+[2001-1458-d00-a--100-273]-9618&alias=bigbird19.cern.ch&noUDP&sock=schedd_4046901_0ec4>
...
040 (5223869.000.000) 07/04 15:47:18 Started transferring input files
	Transferring to host: <128.142.132.146:9618?addrs=128.142.132.146-9618+[2001-1458-301-5a--100-86]-9618&alias=b7g12p8029.cern.ch&noUDP&sock=slot1_14_4154_9e62_9169>
...
040 (5223869.000.000) 07/04 15:47:18 Finished transferring input files
...
001 (5223869.000.000) 07/04 15:47:19 Job executing on host: <128.142.132.146:9618?addrs=128.142.132.146-9618+[2001-1458-301-5a--100-86]-9618&alias=b7g12p8029.cern.ch&noUDP&sock=startd_3371_cdd8>
...
006 (5223869.000.000) 07/04 15:47:28 Image size of job updated: 424052
	102  -  MemoryUsage of job (MB)
	104032  -  ResidentSetSize of job (KB)
...
006 (5223869.000.000) 07/04 15:48:30 Image size of job updated: 11263420
	102  -  MemoryUsage of job (MB)
	104044  -  ResidentSetSize of job (KB)
...
040 (5223869.000.000) 07/04 15:48:30 Started transferring output files
...
040 (5223869.000.000) 07/04 15:48:30 Finished transferring output files
...
005 (5223869.000.000) 07/04 15:48:30 Job terminated.
	(1) Normal termination (return value 0)
		Usr 0 00:01:46, Sys 0 00:00:11  -  Run Remote Usage
		Usr 0 00:00:00, Sys 0 00:00:00  -  Run Local Usage
		Usr 0 00:01:46, Sys 0 00:00:11  -  Total Remote Usage
		Usr 0 00:00:00, Sys 0 00:00:00  -  Total Local Usage
	6102  -  Run Bytes Sent By Job
	270  -  Run Bytes Received By Job
	6102  -  Total Bytes Sent By Job
	270  -  Total Bytes Received By Job
	Partitionable Resources :    Usage  Request Allocated 
	   Cpus                 :                 1         1 
	   Disk (KB)            :       36        1   1562920 
	   Memory (MB)          :      102     2000      2000 

	Job terminated of its own accord at 2022-07-04T13:48:30Z.
...
