000 (5223870.000.000) 07/04 15:45:46 Job submitted from host: <188.185.114.121:9618?addrs=188.185.114.121-9618+[2001-1458-d00-a--100-273]-9618&alias=bigbird19.cern.ch&noUDP&sock=schedd_4046901_0ec4>
...
040 (5223870.000.000) 07/04 15:47:19 Started transferring input files
	Transferring to host: <128.142.192.178:9618?addrs=128.142.192.178-9618+[2001-1458-301-56--100-2e]-9618&alias=b7g18p3064.cern.ch&noUDP&sock=slot1_36_3339_60a1_19086>
...
040 (5223870.000.000) 07/04 15:47:19 Finished transferring input files
...
001 (5223870.000.000) 07/04 15:47:20 Job executing on host: <128.142.192.178:9618?addrs=128.142.192.178-9618+[2001-1458-301-56--100-2e]-9618&alias=b7g18p3064.cern.ch&noUDP&sock=startd_2998_f505>
...
006 (5223870.000.000) 07/04 15:47:29 Image size of job updated: 71320
	56  -  MemoryUsage of job (MB)
	56644  -  ResidentSetSize of job (KB)
...
006 (5223870.000.000) 07/04 15:48:35 Image size of job updated: 12885168
	56  -  MemoryUsage of job (MB)
	56672  -  ResidentSetSize of job (KB)
...
040 (5223870.000.000) 07/04 15:48:35 Started transferring output files
...
040 (5223870.000.000) 07/04 15:48:35 Finished transferring output files
...
005 (5223870.000.000) 07/04 15:48:35 Job terminated.
	(1) Normal termination (return value 0)
		Usr 0 00:01:42, Sys 0 00:00:11  -  Run Remote Usage
		Usr 0 00:00:00, Sys 0 00:00:00  -  Run Local Usage
		Usr 0 00:01:42, Sys 0 00:00:11  -  Total Remote Usage
		Usr 0 00:00:00, Sys 0 00:00:00  -  Total Local Usage
	6102  -  Run Bytes Sent By Job
	270  -  Run Bytes Received By Job
	6102  -  Total Bytes Sent By Job
	270  -  Total Bytes Received By Job
	Partitionable Resources :    Usage  Request Allocated 
	   Cpus                 :                 1         1 
	   Disk (KB)            :       36        1   3055947 
	   Memory (MB)          :       56     2000      2000 

	Job terminated of its own accord at 2022-07-04T13:48:35Z.
...
