000 (5223799.000.000) 07/04 15:44:39 Job submitted from host: <188.185.114.121:9618?addrs=188.185.114.121-9618+[2001-1458-d00-a--100-273]-9618&alias=bigbird19.cern.ch&noUDP&sock=schedd_4046901_0ec4>
...
040 (5223799.000.000) 07/04 15:45:43 Started transferring input files
	Transferring to host: <128.142.192.159:9618?addrs=128.142.192.159-9618+[2001-1458-301-56--100-1b]-9618&alias=b7g18p8135.cern.ch&noUDP&sock=slot1_48_10817_4e11_18908>
...
040 (5223799.000.000) 07/04 15:45:43 Finished transferring input files
...
001 (5223799.000.000) 07/04 15:45:44 Job executing on host: <128.142.192.159:9618?addrs=128.142.192.159-9618+[2001-1458-301-56--100-1b]-9618&alias=b7g18p8135.cern.ch&noUDP&sock=startd_10743_6206>
...
006 (5223799.000.000) 07/04 15:45:53 Image size of job updated: 20028
	13  -  MemoryUsage of job (MB)
	12496  -  ResidentSetSize of job (KB)
...
006 (5223799.000.000) 07/04 15:47:35 Image size of job updated: 12886160
	13  -  MemoryUsage of job (MB)
	12496  -  ResidentSetSize of job (KB)
...
040 (5223799.000.000) 07/04 15:47:35 Started transferring output files
...
040 (5223799.000.000) 07/04 15:47:35 Finished transferring output files
...
005 (5223799.000.000) 07/04 15:47:35 Job terminated.
	(1) Normal termination (return value 0)
		Usr 0 00:01:44, Sys 0 00:00:12  -  Run Remote Usage
		Usr 0 00:00:00, Sys 0 00:00:00  -  Run Local Usage
		Usr 0 00:01:44, Sys 0 00:00:12  -  Total Remote Usage
		Usr 0 00:00:00, Sys 0 00:00:00  -  Total Local Usage
	6102  -  Run Bytes Sent By Job
	270  -  Run Bytes Received By Job
	6102  -  Total Bytes Sent By Job
	270  -  Total Bytes Received By Job
	Partitionable Resources :    Usage  Request Allocated 
	   Cpus                 :                 1         1 
	   Disk (KB)            :       35        1   3000080 
	   Memory (MB)          :       13     2000      2000 

	Job terminated of its own accord at 2022-07-04T13:47:35Z.
...
