000 (5223871.000.000) 07/04 15:45:51 Job submitted from host: <188.185.114.121:9618?addrs=188.185.114.121-9618+[2001-1458-d00-a--100-273]-9618&alias=bigbird19.cern.ch&noUDP&sock=schedd_4046901_0ec4>
...
040 (5223871.000.000) 07/04 15:47:24 Started transferring input files
	Transferring to host: <128.142.137.215:9618?addrs=128.142.137.215-9618+[2001-1458-301-5e--100-cb]-9618&alias=b7g19p3103.cern.ch&noUDP&sock=slot1_8_4076_a91f_29124>
...
040 (5223871.000.000) 07/04 15:47:24 Finished transferring input files
...
001 (5223871.000.000) 07/04 15:47:25 Job executing on host: <128.142.137.215:9618?addrs=128.142.137.215-9618+[2001-1458-301-5e--100-cb]-9618&alias=b7g19p3103.cern.ch&noUDP&sock=startd_3121_532b>
...
006 (5223871.000.000) 07/04 15:47:34 Image size of job updated: 212184
	137  -  MemoryUsage of job (MB)
	139440  -  ResidentSetSize of job (KB)
...
006 (5223871.000.000) 07/04 15:48:14 Image size of job updated: 11263156
	137  -  MemoryUsage of job (MB)
	139500  -  ResidentSetSize of job (KB)
...
040 (5223871.000.000) 07/04 15:48:14 Started transferring output files
...
040 (5223871.000.000) 07/04 15:48:14 Finished transferring output files
...
005 (5223871.000.000) 07/04 15:48:14 Job terminated.
	(1) Normal termination (return value 0)
		Usr 0 00:01:35, Sys 0 00:00:10  -  Run Remote Usage
		Usr 0 00:00:00, Sys 0 00:00:00  -  Run Local Usage
		Usr 0 00:01:35, Sys 0 00:00:10  -  Total Remote Usage
		Usr 0 00:00:00, Sys 0 00:00:00  -  Total Local Usage
	6101  -  Run Bytes Sent By Job
	270  -  Run Bytes Received By Job
	6101  -  Total Bytes Sent By Job
	270  -  Total Bytes Received By Job
	Partitionable Resources :    Usage  Request Allocated 
	   Cpus                 :                 1         1 
	   Disk (KB)            :       36        1   1660784 
	   Memory (MB)          :      137     2000      2000 

	Job terminated of its own accord at 2022-07-04T13:48:14Z.
...
