Random seed:411178
  1Ele_1Muon_1MET |  nr. of simulations: 74389 |  yield: 6075.599967

cross section effect on N_D: 1.000000
N_Bkg: 4693
N_Bkg_Pois: 4628

--> End of file

 -->  Training TAU ...  
Model: "model"
_________________________________________________________________
Layer (type)                 Output Shape              Param #   
=================================================================
bs_mfinder_net (BSMfinderNet multiple                  13        
=================================================================
Total params: 13
Trainable params: 13
Non-trainable params: 0
_________________________________________________________________
None
Training time (seconds):
45.71406555175781

 ...  End of TAU taining.


-- > TAU: 11408.224609 

loss: -5704.112305
BSM: -197369.750000
