000 (5223874.000.000) 07/04 15:45:54 Job submitted from host: <188.185.114.121:9618?addrs=188.185.114.121-9618+[2001-1458-d00-a--100-273]-9618&alias=bigbird19.cern.ch&noUDP&sock=schedd_4046901_0ec4>
...
040 (5223874.000.000) 07/04 15:47:29 Started transferring input files
	Transferring to host: <128.142.192.149:9618?addrs=128.142.192.149-9618+[2001-1458-301-56--100-11]-9618&alias=b7g18p8268.cern.ch&noUDP&sock=slot1_32_4315_0ec9_19213>
...
040 (5223874.000.000) 07/04 15:47:29 Finished transferring input files
...
001 (5223874.000.000) 07/04 15:47:30 Job executing on host: <128.142.192.149:9618?addrs=128.142.192.149-9618+[2001-1458-301-56--100-11]-9618&alias=b7g18p8268.cern.ch&noUDP&sock=startd_4243_ec6e>
...
006 (5223874.000.000) 07/04 15:47:38 Image size of job updated: 229020
	150  -  MemoryUsage of job (MB)
	152908  -  ResidentSetSize of job (KB)
...
006 (5223874.000.000) 07/04 15:48:11 Image size of job updated: 12885920
	150  -  MemoryUsage of job (MB)
	152976  -  ResidentSetSize of job (KB)
...
040 (5223874.000.000) 07/04 15:48:11 Started transferring output files
...
040 (5223874.000.000) 07/04 15:48:11 Finished transferring output files
...
005 (5223874.000.000) 07/04 15:48:11 Job terminated.
	(1) Normal termination (return value 0)
		Usr 0 00:01:29, Sys 0 00:00:10  -  Run Remote Usage
		Usr 0 00:00:00, Sys 0 00:00:00  -  Run Local Usage
		Usr 0 00:01:29, Sys 0 00:00:10  -  Total Remote Usage
		Usr 0 00:00:00, Sys 0 00:00:00  -  Total Local Usage
	6100  -  Run Bytes Sent By Job
	270  -  Run Bytes Received By Job
	6100  -  Total Bytes Sent By Job
	270  -  Total Bytes Received By Job
	Partitionable Resources :    Usage  Request Allocated 
	   Cpus                 :                 1         1 
	   Disk (KB)            :       36        1   3036574 
	   Memory (MB)          :      150     2000      2000 

	Job terminated of its own accord at 2022-07-04T13:48:11Z.
...
