000 (5223875.000.000) 07/04 15:45:55 Job submitted from host: <188.185.114.121:9618?addrs=188.185.114.121-9618+[2001-1458-d00-a--100-273]-9618&alias=bigbird19.cern.ch&noUDP&sock=schedd_4046901_0ec4>
...
040 (5223875.000.000) 07/04 15:47:29 Started transferring input files
	Transferring to host: <188.185.103.37:9618?addrs=188.185.103.37-9618+[2001-1458-d00-60--100-21]-9618&alias=b7g28p1078.cern.ch&noUDP&sock=slot1_4_9645_8661_91126>
...
040 (5223875.000.000) 07/04 15:47:29 Finished transferring input files
...
001 (5223875.000.000) 07/04 15:47:30 Job executing on host: <188.185.103.37:9618?addrs=188.185.103.37-9618+[2001-1458-d00-60--100-21]-9618&alias=b7g28p1078.cern.ch&noUDP&sock=startd_5843_63f6>
...
006 (5223875.000.000) 07/04 15:47:38 Image size of job updated: 835888
	214  -  MemoryUsage of job (MB)
	219084  -  ResidentSetSize of job (KB)
...
040 (5223875.000.000) 07/04 15:47:39 Started transferring output files
...
040 (5223875.000.000) 07/04 15:47:39 Finished transferring output files
...
005 (5223875.000.000) 07/04 15:47:39 Job terminated.
	(1) Normal termination (return value 1)
		Usr 0 00:00:05, Sys 0 00:00:01  -  Run Remote Usage
		Usr 0 00:00:00, Sys 0 00:00:00  -  Run Local Usage
		Usr 0 00:00:05, Sys 0 00:00:01  -  Total Remote Usage
		Usr 0 00:00:00, Sys 0 00:00:00  -  Total Local Usage
	5088  -  Run Bytes Sent By Job
	270  -  Run Bytes Received By Job
	5088  -  Total Bytes Sent By Job
	270  -  Total Bytes Received By Job
	Partitionable Resources :    Usage  Request Allocated 
	   Cpus                 :                 1         1 
	   Disk (KB)            :       19        1   1463420 
	   Memory (MB)          :      214     2000      2000 

	Job terminated of its own accord at 2022-07-04T13:47:39Z.
...
