000 (5223876.000.000) 07/04 15:45:56 Job submitted from host: <188.185.114.121:9618?addrs=188.185.114.121-9618+[2001-1458-d00-a--100-273]-9618&alias=bigbird19.cern.ch&noUDP&sock=schedd_4046901_0ec4>
...
040 (5223876.000.000) 07/04 15:47:29 Started transferring input files
	Transferring to host: <128.142.137.155:9618?addrs=128.142.137.155-9618+[2001-1458-301-5e--100-8f]-9618&alias=b7g19p3008.cern.ch&noUDP&sock=slot1_16_3926_f8d9_75840>
...
040 (5223876.000.000) 07/04 15:47:29 Finished transferring input files
...
001 (5223876.000.000) 07/04 15:47:30 Job executing on host: <128.142.137.155:9618?addrs=128.142.137.155-9618+[2001-1458-301-5e--100-8f]-9618&alias=b7g19p3008.cern.ch&noUDP&sock=startd_3219_8b73>
...
006 (5223876.000.000) 07/04 15:47:39 Image size of job updated: 289004
	6  -  MemoryUsage of job (MB)
	5928  -  ResidentSetSize of job (KB)
...
006 (5223876.000.000) 07/04 15:47:59 Image size of job updated: 880252
	6  -  MemoryUsage of job (MB)
	5936  -  ResidentSetSize of job (KB)
...
040 (5223876.000.000) 07/04 15:47:59 Started transferring output files
...
040 (5223876.000.000) 07/04 15:47:59 Finished transferring output files
...
005 (5223876.000.000) 07/04 15:47:59 Job terminated.
	(1) Normal termination (return value 1)
		Usr 0 00:00:09, Sys 0 00:00:02  -  Run Remote Usage
		Usr 0 00:00:00, Sys 0 00:00:00  -  Run Local Usage
		Usr 0 00:00:09, Sys 0 00:00:02  -  Total Remote Usage
		Usr 0 00:00:00, Sys 0 00:00:00  -  Total Local Usage
	5088  -  Run Bytes Sent By Job
	270  -  Run Bytes Received By Job
	5088  -  Total Bytes Sent By Job
	270  -  Total Bytes Received By Job
	Partitionable Resources :    Usage  Request Allocated 
	   Cpus                 :                 1         1 
	   Disk (KB)            :       19        1   1559976 
	   Memory (MB)          :        6     2000      2000 

	Job terminated of its own accord at 2022-07-04T13:47:59Z.
...
