000 (5223877.000.000) 07/04 15:45:56 Job submitted from host: <188.185.114.121:9618?addrs=188.185.114.121-9618+[2001-1458-d00-a--100-273]-9618&alias=bigbird19.cern.ch&noUDP&sock=schedd_4046901_0ec4>
...
040 (5223877.000.000) 07/04 15:47:30 Started transferring input files
	Transferring to host: <128.142.192.140:9618?addrs=128.142.192.140-9618+[2001-1458-301-56--100-8]-9618&alias=b7g18p7903.cern.ch&noUDP&sock=slot1_18_4185_7603_18807>
...
040 (5223877.000.000) 07/04 15:47:30 Finished transferring input files
...
001 (5223877.000.000) 07/04 15:47:31 Job executing on host: <128.142.192.140:9618?addrs=128.142.192.140-9618+[2001-1458-301-56--100-8]-9618&alias=b7g18p7903.cern.ch&noUDP&sock=startd_4113_c11e>
...
006 (5223877.000.000) 07/04 15:47:40 Image size of job updated: 395492
	46  -  MemoryUsage of job (MB)
	46448  -  ResidentSetSize of job (KB)
...
006 (5223877.000.000) 07/04 15:48:41 Image size of job updated: 12885908
	46  -  MemoryUsage of job (MB)
	46448  -  ResidentSetSize of job (KB)
...
040 (5223877.000.000) 07/04 15:48:42 Started transferring output files
...
040 (5223877.000.000) 07/04 15:48:42 Finished transferring output files
...
005 (5223877.000.000) 07/04 15:48:42 Job terminated.
	(1) Normal termination (return value 0)
		Usr 0 00:01:36, Sys 0 00:00:11  -  Run Remote Usage
		Usr 0 00:00:00, Sys 0 00:00:00  -  Run Local Usage
		Usr 0 00:01:36, Sys 0 00:00:11  -  Total Remote Usage
		Usr 0 00:00:00, Sys 0 00:00:00  -  Total Local Usage
	6101  -  Run Bytes Sent By Job
	270  -  Run Bytes Received By Job
	6101  -  Total Bytes Sent By Job
	270  -  Total Bytes Received By Job
	Partitionable Resources :    Usage  Request Allocated 
	   Cpus                 :                 1         1 
	   Disk (KB)            :       36        1   3062714 
	   Memory (MB)          :       46     2000      2000 

	Job terminated of its own accord at 2022-07-04T13:48:41Z.
...
