000 (5223880.000.000) 07/04 15:45:59 Job submitted from host: <188.185.114.121:9618?addrs=188.185.114.121-9618+[2001-1458-d00-a--100-273]-9618&alias=bigbird19.cern.ch&noUDP&sock=schedd_4046901_0ec4>
...
040 (5223880.000.000) 07/04 15:47:32 Started transferring input files
	Transferring to host: <128.142.130.127:9618?addrs=128.142.130.127-9618+[2001-1458-301-58--100-73]-9618&alias=b7g20p8445.cern.ch&noUDP&sock=slot1_13_14508_f2c7_258257>
...
040 (5223880.000.000) 07/04 15:47:32 Finished transferring input files
...
001 (5223880.000.000) 07/04 15:47:33 Job executing on host: <128.142.130.127:9618?addrs=128.142.130.127-9618+[2001-1458-301-58--100-73]-9618&alias=b7g20p8445.cern.ch&noUDP&sock=startd_37489_ea0d>
...
006 (5223880.000.000) 07/04 15:47:42 Image size of job updated: 428364
	59  -  MemoryUsage of job (MB)
	59968  -  ResidentSetSize of job (KB)
...
006 (5223880.000.000) 07/04 15:48:40 Image size of job updated: 11263416
	59  -  MemoryUsage of job (MB)
	59980  -  ResidentSetSize of job (KB)
...
040 (5223880.000.000) 07/04 15:48:41 Started transferring output files
...
040 (5223880.000.000) 07/04 15:48:41 Finished transferring output files
...
005 (5223880.000.000) 07/04 15:48:41 Job terminated.
	(1) Normal termination (return value 0)
		Usr 0 00:01:43, Sys 0 00:00:11  -  Run Remote Usage
		Usr 0 00:00:00, Sys 0 00:00:00  -  Run Local Usage
		Usr 0 00:01:43, Sys 0 00:00:11  -  Total Remote Usage
		Usr 0 00:00:00, Sys 0 00:00:00  -  Total Local Usage
	6101  -  Run Bytes Sent By Job
	270  -  Run Bytes Received By Job
	6101  -  Total Bytes Sent By Job
	270  -  Total Bytes Received By Job
	Partitionable Resources :    Usage  Request Allocated 
	   Cpus                 :                 1         1 
	   Disk (KB)            :       36        1   1539114 
	   Memory (MB)          :       59     2000      2000 

	Job terminated of its own accord at 2022-07-04T13:48:40Z.
...
