000 (5223882.000.000) 07/04 15:46:02 Job submitted from host: <188.185.114.121:9618?addrs=188.185.114.121-9618+[2001-1458-d00-a--100-273]-9618&alias=bigbird19.cern.ch&noUDP&sock=schedd_4046901_0ec4>
...
040 (5223882.000.000) 07/04 15:47:32 Started transferring input files
	Transferring to host: <128.142.192.136:9618?addrs=128.142.192.136-9618+[2001-1458-301-56--100-4]-9618&alias=b7g18p6321.cern.ch&noUDP&sock=slot1_10_3949_2d7a_18501>
...
040 (5223882.000.000) 07/04 15:47:32 Finished transferring input files
...
001 (5223882.000.000) 07/04 15:47:33 Job executing on host: <128.142.192.136:9618?addrs=128.142.192.136-9618+[2001-1458-301-56--100-4]-9618&alias=b7g18p6321.cern.ch&noUDP&sock=startd_3773_8aeb>
...
006 (5223882.000.000) 07/04 15:47:42 Image size of job updated: 792972
	161  -  MemoryUsage of job (MB)
	164844  -  ResidentSetSize of job (KB)
...
006 (5223882.000.000) 07/04 15:48:18 Image size of job updated: 12885168
	161  -  MemoryUsage of job (MB)
	164848  -  ResidentSetSize of job (KB)
...
040 (5223882.000.000) 07/04 15:48:18 Started transferring output files
...
040 (5223882.000.000) 07/04 15:48:18 Finished transferring output files
...
005 (5223882.000.000) 07/04 15:48:18 Job terminated.
	(1) Normal termination (return value 0)
		Usr 0 00:01:32, Sys 0 00:00:10  -  Run Remote Usage
		Usr 0 00:00:00, Sys 0 00:00:00  -  Run Local Usage
		Usr 0 00:01:32, Sys 0 00:00:10  -  Total Remote Usage
		Usr 0 00:00:00, Sys 0 00:00:00  -  Total Local Usage
	6101  -  Run Bytes Sent By Job
	270  -  Run Bytes Received By Job
	6101  -  Total Bytes Sent By Job
	270  -  Total Bytes Received By Job
	Partitionable Resources :    Usage  Request Allocated 
	   Cpus                 :                 1         1 
	   Disk (KB)            :       36        1   3103825 
	   Memory (MB)          :      161     2000      2000 

	Job terminated of its own accord at 2022-07-04T13:48:18Z.
...
