000 (5223883.000.000) 07/04 15:46:03 Job submitted from host: <188.185.114.121:9618?addrs=188.185.114.121-9618+[2001-1458-d00-a--100-273]-9618&alias=bigbird19.cern.ch&noUDP&sock=schedd_4046901_0ec4>
...
040 (5223883.000.000) 07/04 15:47:33 Started transferring input files
	Transferring to host: <128.142.137.173:9618?addrs=128.142.137.173-9618+[2001-1458-301-5e--100-a1]-9618&alias=b7g19p0891.cern.ch&noUDP&sock=slot1_12_3678_3bcf_58985>
...
040 (5223883.000.000) 07/04 15:47:33 Finished transferring input files
...
001 (5223883.000.000) 07/04 15:47:34 Job executing on host: <128.142.137.173:9618?addrs=128.142.137.173-9618+[2001-1458-301-5e--100-a1]-9618&alias=b7g19p0891.cern.ch&noUDP&sock=startd_3131_2f1d>
...
006 (5223883.000.000) 07/04 15:47:43 Image size of job updated: 704448
	69  -  MemoryUsage of job (MB)
	69680  -  ResidentSetSize of job (KB)
...
006 (5223883.000.000) 07/04 15:48:36 Image size of job updated: 11263160
	70  -  MemoryUsage of job (MB)
	70768  -  ResidentSetSize of job (KB)
...
040 (5223883.000.000) 07/04 15:48:37 Started transferring output files
...
040 (5223883.000.000) 07/04 15:48:37 Finished transferring output files
...
005 (5223883.000.000) 07/04 15:48:37 Job terminated.
	(1) Normal termination (return value 0)
		Usr 0 00:01:44, Sys 0 00:00:11  -  Run Remote Usage
		Usr 0 00:00:00, Sys 0 00:00:00  -  Run Local Usage
		Usr 0 00:01:44, Sys 0 00:00:11  -  Total Remote Usage
		Usr 0 00:00:00, Sys 0 00:00:00  -  Total Local Usage
	6101  -  Run Bytes Sent By Job
	270  -  Run Bytes Received By Job
	6101  -  Total Bytes Sent By Job
	270  -  Total Bytes Received By Job
	Partitionable Resources :    Usage  Request Allocated 
	   Cpus                 :                 1         1 
	   Disk (KB)            :       36        1   1623129 
	   Memory (MB)          :       70     2000      2000 

	Job terminated of its own accord at 2022-07-04T13:48:36Z.
...
