000 (5223885.000.000) 07/04 15:46:04 Job submitted from host: <188.185.114.121:9618?addrs=188.185.114.121-9618+[2001-1458-d00-a--100-273]-9618&alias=bigbird19.cern.ch&noUDP&sock=schedd_4046901_0ec4>
...
040 (5223885.000.000) 07/04 15:47:34 Started transferring input files
	Transferring to host: <128.142.132.75:9618?addrs=128.142.132.75-9618+[2001-1458-301-5a--100-3f]-9618&alias=b7g12p5895.cern.ch&noUDP&sock=slot1_32_3625_e3ec_28683>
...
040 (5223885.000.000) 07/04 15:47:34 Finished transferring input files
...
001 (5223885.000.000) 07/04 15:47:35 Job executing on host: <128.142.132.75:9618?addrs=128.142.132.75-9618+[2001-1458-301-5a--100-3f]-9618&alias=b7g12p5895.cern.ch&noUDP&sock=startd_3089_6023>
...
006 (5223885.000.000) 07/04 15:47:44 Image size of job updated: 457360
	57  -  MemoryUsage of job (MB)
	58296  -  ResidentSetSize of job (KB)
...
006 (5223885.000.000) 07/04 15:48:39 Image size of job updated: 11263156
	57  -  MemoryUsage of job (MB)
	58296  -  ResidentSetSize of job (KB)
...
040 (5223885.000.000) 07/04 15:48:39 Started transferring output files
...
040 (5223885.000.000) 07/04 15:48:39 Finished transferring output files
...
005 (5223885.000.000) 07/04 15:48:39 Job terminated.
	(1) Normal termination (return value 0)
		Usr 0 00:01:36, Sys 0 00:00:10  -  Run Remote Usage
		Usr 0 00:00:00, Sys 0 00:00:00  -  Run Local Usage
		Usr 0 00:01:36, Sys 0 00:00:10  -  Total Remote Usage
		Usr 0 00:00:00, Sys 0 00:00:00  -  Total Local Usage
	6100  -  Run Bytes Sent By Job
	270  -  Run Bytes Received By Job
	6100  -  Total Bytes Sent By Job
	270  -  Total Bytes Received By Job
	Partitionable Resources :    Usage  Request Allocated 
	   Cpus                 :                 1         1 
	   Disk (KB)            :       36        1   1651689 
	   Memory (MB)          :       57     2000      2000 

	Job terminated of its own accord at 2022-07-04T13:48:39Z.
...
