000 (5223886.000.000) 07/04 15:46:05 Job submitted from host: <188.185.114.121:9618?addrs=188.185.114.121-9618+[2001-1458-d00-a--100-273]-9618&alias=bigbird19.cern.ch&noUDP&sock=schedd_4046901_0ec4>
...
040 (5223886.000.000) 07/04 15:47:36 Started transferring input files
	Transferring to host: <128.142.192.159:9618?addrs=128.142.192.159-9618+[2001-1458-301-56--100-1b]-9618&alias=b7g18p8135.cern.ch&noUDP&sock=slot1_48_10817_4e11_18913>
...
040 (5223886.000.000) 07/04 15:47:36 Finished transferring input files
...
001 (5223886.000.000) 07/04 15:47:37 Job executing on host: <128.142.192.159:9618?addrs=128.142.192.159-9618+[2001-1458-301-56--100-1b]-9618&alias=b7g18p8135.cern.ch&noUDP&sock=startd_10743_6206>
...
006 (5223886.000.000) 07/04 15:47:45 Image size of job updated: 114824
	66  -  MemoryUsage of job (MB)
	67432  -  ResidentSetSize of job (KB)
...
006 (5223886.000.000) 07/04 15:48:46 Image size of job updated: 12885656
	66  -  MemoryUsage of job (MB)
	67432  -  ResidentSetSize of job (KB)
...
040 (5223886.000.000) 07/04 15:48:46 Started transferring output files
...
040 (5223886.000.000) 07/04 15:48:46 Finished transferring output files
...
005 (5223886.000.000) 07/04 15:48:46 Job terminated.
	(1) Normal termination (return value 0)
		Usr 0 00:01:44, Sys 0 00:00:12  -  Run Remote Usage
		Usr 0 00:00:00, Sys 0 00:00:00  -  Run Local Usage
		Usr 0 00:01:44, Sys 0 00:00:12  -  Total Remote Usage
		Usr 0 00:00:00, Sys 0 00:00:00  -  Total Local Usage
	6102  -  Run Bytes Sent By Job
	270  -  Run Bytes Received By Job
	6102  -  Total Bytes Sent By Job
	270  -  Total Bytes Received By Job
	Partitionable Resources :    Usage  Request Allocated 
	   Cpus                 :                 1         1 
	   Disk (KB)            :       36        1   2997993 
	   Memory (MB)          :       66     2000      2000 

	Job terminated of its own accord at 2022-07-04T13:48:46Z.
...
