000 (5223887.000.000) 07/04 15:46:06 Job submitted from host: <188.185.114.121:9618?addrs=188.185.114.121-9618+[2001-1458-d00-a--100-273]-9618&alias=bigbird19.cern.ch&noUDP&sock=schedd_4046901_0ec4>
...
040 (5223887.000.000) 07/04 15:47:36 Started transferring input files
	Transferring to host: <128.142.131.55:9618?addrs=128.142.131.55-9618+[2001-1458-301-59--100-2b]-9618&alias=b7g11p0735.cern.ch&noUDP&sock=slot1_42_3658_244e_73761>
...
040 (5223887.000.000) 07/04 15:47:36 Finished transferring input files
...
001 (5223887.000.000) 07/04 15:47:37 Job executing on host: <128.142.131.55:9618?addrs=128.142.131.55-9618+[2001-1458-301-59--100-2b]-9618&alias=b7g11p0735.cern.ch&noUDP&sock=startd_3149_87d2>
...
006 (5223887.000.000) 07/04 15:47:46 Image size of job updated: 67432
	66  -  MemoryUsage of job (MB)
	67432  -  ResidentSetSize of job (KB)
...
006 (5223887.000.000) 07/04 15:48:46 Image size of job updated: 11263248
	66  -  MemoryUsage of job (MB)
	67432  -  ResidentSetSize of job (KB)
...
040 (5223887.000.000) 07/04 15:48:46 Started transferring output files
...
040 (5223887.000.000) 07/04 15:48:46 Finished transferring output files
...
005 (5223887.000.000) 07/04 15:48:46 Job terminated.
	(1) Normal termination (return value 0)
		Usr 0 00:01:41, Sys 0 00:00:10  -  Run Remote Usage
		Usr 0 00:00:00, Sys 0 00:00:00  -  Run Local Usage
		Usr 0 00:01:41, Sys 0 00:00:10  -  Total Remote Usage
		Usr 0 00:00:00, Sys 0 00:00:00  -  Total Local Usage
	6101  -  Run Bytes Sent By Job
	270  -  Run Bytes Received By Job
	6101  -  Total Bytes Sent By Job
	270  -  Total Bytes Received By Job
	Partitionable Resources :    Usage  Request Allocated 
	   Cpus                 :                 1         1 
	   Disk (KB)            :       36        1   1672803 
	   Memory (MB)          :       66     2000      2000 

	Job terminated of its own accord at 2022-07-04T13:48:46Z.
...
