000 (5223888.000.000) 07/04 15:46:06 Job submitted from host: <188.185.114.121:9618?addrs=188.185.114.121-9618+[2001-1458-d00-a--100-273]-9618&alias=bigbird19.cern.ch&noUDP&sock=schedd_4046901_0ec4>
...
040 (5223888.000.000) 07/04 15:47:36 Started transferring input files
	Transferring to host: <128.142.132.65:9618?addrs=128.142.132.65-9618+[2001-1458-301-5a--100-35]-9618&alias=b7g12p4157.cern.ch&noUDP&sock=slot1_20_3847_4f36_75344>
...
040 (5223888.000.000) 07/04 15:47:36 Finished transferring input files
...
001 (5223888.000.000) 07/04 15:47:37 Job executing on host: <128.142.132.65:9618?addrs=128.142.132.65-9618+[2001-1458-301-5a--100-35]-9618&alias=b7g12p4157.cern.ch&noUDP&sock=startd_3176_0ce0>
...
006 (5223888.000.000) 07/04 15:47:46 Image size of job updated: 72972
	57  -  MemoryUsage of job (MB)
	58296  -  ResidentSetSize of job (KB)
...
006 (5223888.000.000) 07/04 15:48:46 Image size of job updated: 11262672
	57  -  MemoryUsage of job (MB)
	58296  -  ResidentSetSize of job (KB)
...
040 (5223888.000.000) 07/04 15:48:46 Started transferring output files
...
040 (5223888.000.000) 07/04 15:48:46 Finished transferring output files
...
005 (5223888.000.000) 07/04 15:48:46 Job terminated.
	(1) Normal termination (return value 0)
		Usr 0 00:01:47, Sys 0 00:00:11  -  Run Remote Usage
		Usr 0 00:00:00, Sys 0 00:00:00  -  Run Local Usage
		Usr 0 00:01:47, Sys 0 00:00:11  -  Total Remote Usage
		Usr 0 00:00:00, Sys 0 00:00:00  -  Total Local Usage
	6101  -  Run Bytes Sent By Job
	270  -  Run Bytes Received By Job
	6101  -  Total Bytes Sent By Job
	270  -  Total Bytes Received By Job
	Partitionable Resources :    Usage  Request Allocated 
	   Cpus                 :                 1         1 
	   Disk (KB)            :       36        1   1560618 
	   Memory (MB)          :       57     2000      2000 

	Job terminated of its own accord at 2022-07-04T13:48:46Z.
...
